@!@!@STARTMSG 2262:0 @!@!@
TLC2 Version 2.14 of 10 July 2019
@!@!@ENDMSG 2262 @!@!@
@!@!@STARTMSG 2187:0 @!@!@
Running breadth-first search Model-Checking with fp 96 and seed 2343185411128125093 with 4 workers on 8 cores with 1163MB heap and 2613MB offheap memory [pid: 16618] (Linux 4.19.88-1-MANJARO amd64, AdoptOpenJDK 11.0.3 x86_64, OffHeapDiskFPSet, DiskStateQueue).
@!@!@ENDMSG 2187 @!@!@
@!@!@STARTMSG 2220:0 @!@!@
Starting SANY...
@!@!@ENDMSG 2220 @!@!@
Parsing file /home/herulume/dev/EM/tla/CarLights.toolbox/Model_1/MC.tla
Parsing file /home/herulume/dev/EM/tla/CarLights.toolbox/Model_1/CarLights.tla
Parsing file /home/herulume/Downloads/toolbox/plugins/org.lamport.tlatools_1.0.0.201907102009/tla2sany/StandardModules/TLC.tla
Parsing file /home/herulume/Downloads/toolbox/plugins/org.lamport.tlatools_1.0.0.201907102009/tla2sany/StandardModules/Naturals.tla
Parsing file /home/herulume/Downloads/toolbox/plugins/org.lamport.tlatools_1.0.0.201907102009/tla2sany/StandardModules/Sequences.tla
Parsing file /home/herulume/Downloads/toolbox/plugins/org.lamport.tlatools_1.0.0.201907102009/tla2sany/StandardModules/FiniteSets.tla
Semantic processing of module CarLights
Semantic processing of module Naturals
Semantic processing of module Sequences
Semantic processing of module FiniteSets
Semantic processing of module TLC
Semantic processing of module MC
@!@!@STARTMSG 2219:0 @!@!@
SANY finished.
@!@!@ENDMSG 2219 @!@!@
@!@!@STARTMSG 2185:0 @!@!@
Starting... (2020-01-14 15:03:43)
@!@!@ENDMSG 2185 @!@!@
@!@!@STARTMSG 2189:0 @!@!@
Computing initial states...
@!@!@ENDMSG 2189 @!@!@
@!@!@STARTMSG 2269:0 @!@!@
Computed 2 initial states...
@!@!@ENDMSG 2269 @!@!@
@!@!@STARTMSG 2269:0 @!@!@
Computed 4 initial states...
@!@!@ENDMSG 2269 @!@!@
@!@!@STARTMSG 2269:0 @!@!@
Computed 8 initial states...
@!@!@ENDMSG 2269 @!@!@
@!@!@STARTMSG 2269:0 @!@!@
Computed 16 initial states...
@!@!@ENDMSG 2269 @!@!@
@!@!@STARTMSG 2190:0 @!@!@
Finished computing initial states: 27 distinct states generated at 2020-01-14 15:03:45.
@!@!@ENDMSG 2190 @!@!@
@!@!@STARTMSG 2193:0 @!@!@
Model checking completed. No error has been found.
  Estimates of the probability that TLC did not check all reachable states
  because two distinct states had the same fingerprint:
  calculated (optimistic):  val = 6.8E-11
@!@!@ENDMSG 2193 @!@!@
@!@!@STARTMSG 2201:0 @!@!@
The coverage statistics at 2020-01-14 15:03:45
@!@!@ENDMSG 2201 @!@!@
@!@!@STARTMSG 2773:0 @!@!@
<Init line 51, col 1 to line 51, col 4 of module CarLights>: 27:27
@!@!@ENDMSG 2773 @!@!@
@!@!@STARTMSG 2221:0 @!@!@
  line 51, col 12 to line 51, col 31 of module CarLights: 1
@!@!@ENDMSG 2221 @!@!@
@!@!@STARTMSG 2221:0 @!@!@
  line 52, col 12 to line 52, col 25 of module CarLights: 1
@!@!@ENDMSG 2221 @!@!@
@!@!@STARTMSG 2221:0 @!@!@
  line 53, col 12 to line 53, col 44 of module CarLights: 1
@!@!@ENDMSG 2221 @!@!@
@!@!@STARTMSG 2221:0 @!@!@
  line 54, col 12 to line 54, col 24 of module CarLights: 1
@!@!@ENDMSG 2221 @!@!@
@!@!@STARTMSG 2221:0 @!@!@
  line 56, col 12 to line 56, col 21 of module CarLights: 3
@!@!@ENDMSG 2221 @!@!@
@!@!@STARTMSG 2221:0 @!@!@
  line 57, col 12 to line 57, col 50 of module CarLights: 3
@!@!@ENDMSG 2221 @!@!@
@!@!@STARTMSG 2221:0 @!@!@
  line 58, col 12 to line 58, col 42 of module CarLights: 27
@!@!@ENDMSG 2221 @!@!@
@!@!@STARTMSG 2221:0 @!@!@
  |line 58, col 30 to line 58, col 42 of module CarLights: 9
@!@!@ENDMSG 2221 @!@!@
@!@!@STARTMSG 2772:0 @!@!@
<ChangeAmbientLight line 64, col 1 to line 64, col 18 of module CarLights>: 83:8316
@!@!@ENDMSG 2772 @!@!@
@!@!@STARTMSG 2221:0 @!@!@
  line 64, col 26 to line 64, col 31 of module CarLights: 8316
@!@!@ENDMSG 2221 @!@!@
@!@!@STARTMSG 2221:0 @!@!@
  line 65, col 26 to line 65, col 66 of module CarLights: 8316
@!@!@ENDMSG 2221 @!@!@
@!@!@STARTMSG 2221:0 @!@!@
  line 66, col 26 to line 66, col 111 of module CarLights: 8316
@!@!@ENDMSG 2221 @!@!@
@!@!@STARTMSG 2772:0 @!@!@
<ChangeDriver line 68, col 1 to line 68, col 12 of module CarLights>: 4015:8316
@!@!@ENDMSG 2772 @!@!@
@!@!@STARTMSG 2221:0 @!@!@
  line 68, col 20 to line 68, col 22 of module CarLights: 8316
@!@!@ENDMSG 2221 @!@!@
@!@!@STARTMSG 2221:0 @!@!@
  line 69, col 20 to line 69, col 48 of module CarLights: 8316
@!@!@ENDMSG 2221 @!@!@
@!@!@STARTMSG 2221:0 @!@!@
  line 70, col 20 to line 70, col 111 of module CarLights: 8316
@!@!@ENDMSG 2221 @!@!@
@!@!@STARTMSG 2772:0 @!@!@
<ChangeGear line 72, col 1 to line 72, col 10 of module CarLights>: 0:8316
@!@!@ENDMSG 2772 @!@!@
@!@!@STARTMSG 2221:0 @!@!@
  line 72, col 18 to line 72, col 23 of module CarLights: 4158
@!@!@ENDMSG 2221 @!@!@
@!@!@STARTMSG 2221:0 @!@!@
  line 73, col 18 to line 73, col 28 of module CarLights: 12474
@!@!@ENDMSG 2221 @!@!@
@!@!@STARTMSG 2221:0 @!@!@
  |line 73, col 18 to line 73, col 20 of module CarLights: 8316
@!@!@ENDMSG 2221 @!@!@
@!@!@STARTMSG 2221:0 @!@!@
  |line 73, col 24 to line 73, col 28 of module CarLights: 8316
@!@!@ENDMSG 2221 @!@!@
@!@!@STARTMSG 2221:0 @!@!@
  line 74, col 18 to line 74, col 39 of module CarLights: 8316
@!@!@ENDMSG 2221 @!@!@
@!@!@STARTMSG 2221:0 @!@!@
  |line 74, col 28 to line 74, col 39 of module CarLights: 4158
@!@!@ENDMSG 2221 @!@!@
@!@!@STARTMSG 2221:0 @!@!@
  line 75, col 18 to line 75, col 111 of module CarLights: 8316
@!@!@ENDMSG 2221 @!@!@
@!@!@STARTMSG 2772:0 @!@!@
<ChangePitmanArm line 77, col 1 to line 77, col 15 of module CarLights>: 3221:49896
@!@!@ENDMSG 2772 @!@!@
@!@!@STARTMSG 2221:0 @!@!@
  line 77, col 23 to line 77, col 28 of module CarLights: 8316
@!@!@ENDMSG 2221 @!@!@
@!@!@STARTMSG 2221:0 @!@!@
  line 78, col 23 to line 78, col 59 of module CarLights: 49896
@!@!@ENDMSG 2221 @!@!@
@!@!@STARTMSG 2221:0 @!@!@
  |line 78, col 38 to line 78, col 59 of module CarLights: 8316
@!@!@ENDMSG 2221 @!@!@
@!@!@STARTMSG 2221:0 @!@!@
  line 79, col 23 to line 79, col 111 of module CarLights: 49896
@!@!@ENDMSG 2221 @!@!@
@!@!@STARTMSG 2772:0 @!@!@
<ChangeLightRotarySwitch line 82, col 1 to line 82, col 23 of module CarLights>: 0:8316
@!@!@ENDMSG 2772 @!@!@
@!@!@STARTMSG 2221:0 @!@!@
  line 82, col 31 to line 82, col 36 of module CarLights: 4158
@!@!@ENDMSG 2221 @!@!@
@!@!@STARTMSG 2221:0 @!@!@
  line 83, col 31 to line 83, col 33 of module CarLights: 4158
@!@!@ENDMSG 2221 @!@!@
@!@!@STARTMSG 2221:0 @!@!@
  line 84, col 31 to line 84, col 91 of module CarLights: 8316
@!@!@ENDMSG 2221 @!@!@
@!@!@STARTMSG 2221:0 @!@!@
  |line 84, col 54 to line 84, col 91 of module CarLights: 4158
@!@!@ENDMSG 2221 @!@!@
@!@!@STARTMSG 2221:0 @!@!@
  line 85, col 31 to line 85, col 111 of module CarLights: 8316
@!@!@ENDMSG 2221 @!@!@
@!@!@STARTMSG 2772:0 @!@!@
<ChangeSteeringWheel line 87, col 1 to line 87, col 19 of module CarLights>: 0:16632
@!@!@ENDMSG 2772 @!@!@
@!@!@STARTMSG 2221:0 @!@!@
  line 87, col 27 to line 87, col 32 of module CarLights: 8316
@!@!@ENDMSG 2221 @!@!@
@!@!@STARTMSG 2221:0 @!@!@
  line 88, col 27 to line 88, col 75 of module CarLights: 16632
@!@!@ENDMSG 2221 @!@!@
@!@!@STARTMSG 2221:0 @!@!@
  |line 88, col 46 to line 88, col 75 of module CarLights: 8316
@!@!@ENDMSG 2221 @!@!@
@!@!@STARTMSG 2221:0 @!@!@
  line 89, col 27 to line 89, col 111 of module CarLights: 16632
@!@!@ENDMSG 2221 @!@!@
@!@!@STARTMSG 2772:0 @!@!@
<ChangeKey line 91, col 1 to line 91, col 9 of module CarLights>: 4024:8316
@!@!@ENDMSG 2772 @!@!@
@!@!@STARTMSG 2221:0 @!@!@
  line 91, col 17 to line 91, col 22 of module CarLights: 8316
@!@!@ENDMSG 2221 @!@!@
@!@!@STARTMSG 2221:0 @!@!@
  line 92, col 17 to line 92, col 39 of module CarLights: 8316
@!@!@ENDMSG 2221 @!@!@
@!@!@STARTMSG 2221:0 @!@!@
  line 93, col 17 to line 93, col 111 of module CarLights: 8316
@!@!@ENDMSG 2221 @!@!@
@!@!@STARTMSG 2772:0 @!@!@
<TmpRightBlinking line 99, col 1 to line 99, col 16 of module CarLights>: 283:1026
@!@!@ENDMSG 2772 @!@!@
@!@!@STARTMSG 2221:0 @!@!@
  line 99, col 24 to line 99, col 34 of module CarLights: 13068
@!@!@ENDMSG 2221 @!@!@
@!@!@STARTMSG 2221:0 @!@!@
  |line 99, col 24 to line 99, col 26 of module CarLights: 12474
@!@!@ENDMSG 2221 @!@!@
@!@!@STARTMSG 2221:0 @!@!@
  |line 99, col 30 to line 99, col 34 of module CarLights: 12474
@!@!@ENDMSG 2221 @!@!@
@!@!@STARTMSG 2221:0 @!@!@
  line 100, col 24 to line 100, col 29 of module CarLights: 594
@!@!@ENDMSG 2221 @!@!@
@!@!@STARTMSG 2221:0 @!@!@
  line 101, col 24 to line 101, col 42 of module CarLights: 4752
@!@!@ENDMSG 2221 @!@!@
@!@!@STARTMSG 2221:0 @!@!@
  |line 101, col 24 to line 101, col 32 of module CarLights: 4158
@!@!@ENDMSG 2221 @!@!@
@!@!@STARTMSG 2221:0 @!@!@
  line 104, col 30 to line 104, col 53 of module CarLights: 594
@!@!@ENDMSG 2221 @!@!@
@!@!@STARTMSG 2221:0 @!@!@
  line 105, col 30 to line 105, col 128 of module CarLights: 594
@!@!@ENDMSG 2221 @!@!@
@!@!@STARTMSG 2221:0 @!@!@
  line 106, col 30 to line 106, col 110 of module CarLights: 594
@!@!@ENDMSG 2221 @!@!@
@!@!@STARTMSG 2221:0 @!@!@
  line 108, col 30 to line 108, col 61 of module CarLights: 1026
@!@!@ENDMSG 2221 @!@!@
@!@!@STARTMSG 2221:0 @!@!@
  |line 108, col 30 to line 108, col 48 of module CarLights: 594
@!@!@ENDMSG 2221 @!@!@
@!@!@STARTMSG 2221:0 @!@!@
  line 108, col 67 to line 108, col 99 of module CarLights: 864
@!@!@ENDMSG 2221 @!@!@
@!@!@STARTMSG 2221:0 @!@!@
  |line 108, col 67 to line 108, col 86 of module CarLights: 432
@!@!@ENDMSG 2221 @!@!@
@!@!@STARTMSG 2221:0 @!@!@
  line 108, col 104 to line 108, col 134 of module CarLights: 864
@!@!@ENDMSG 2221 @!@!@
@!@!@STARTMSG 2221:0 @!@!@
  |line 108, col 104 to line 108, col 121 of module CarLights: 432
@!@!@ENDMSG 2221 @!@!@
@!@!@STARTMSG 2221:0 @!@!@
  line 109, col 30 to line 109, col 143 of module CarLights: 432
@!@!@ENDMSG 2221 @!@!@
@!@!@STARTMSG 2221:0 @!@!@
  line 110, col 30 to line 110, col 121 of module CarLights: 432
@!@!@ENDMSG 2221 @!@!@
@!@!@STARTMSG 2772:0 @!@!@
<TmpLeftBlinking line 113, col 1 to line 113, col 15 of module CarLights>: 309:1026
@!@!@ENDMSG 2772 @!@!@
@!@!@STARTMSG 2221:0 @!@!@
  line 113, col 23 to line 113, col 33 of module CarLights: 13068
@!@!@ENDMSG 2221 @!@!@
@!@!@STARTMSG 2221:0 @!@!@
  |line 113, col 23 to line 113, col 25 of module CarLights: 12474
@!@!@ENDMSG 2221 @!@!@
@!@!@STARTMSG 2221:0 @!@!@
  |line 113, col 29 to line 113, col 33 of module CarLights: 12474
@!@!@ENDMSG 2221 @!@!@
@!@!@STARTMSG 2221:0 @!@!@
  line 114, col 23 to line 114, col 28 of module CarLights: 594
@!@!@ENDMSG 2221 @!@!@
@!@!@STARTMSG 2221:0 @!@!@
  line 115, col 23 to line 115, col 43 of module CarLights: 4752
@!@!@ENDMSG 2221 @!@!@
@!@!@STARTMSG 2221:0 @!@!@
  |line 115, col 23 to line 115, col 31 of module CarLights: 4158
@!@!@ENDMSG 2221 @!@!@
@!@!@STARTMSG 2221:0 @!@!@
  line 118, col 29 to line 118, col 52 of module CarLights: 594
@!@!@ENDMSG 2221 @!@!@
@!@!@STARTMSG 2221:0 @!@!@
  line 119, col 29 to line 119, col 124 of module CarLights: 594
@!@!@ENDMSG 2221 @!@!@
@!@!@STARTMSG 2221:0 @!@!@
  line 120, col 29 to line 120, col 109 of module CarLights: 594
@!@!@ENDMSG 2221 @!@!@
@!@!@STARTMSG 2221:0 @!@!@
  line 122, col 29 to line 122, col 61 of module CarLights: 1026
@!@!@ENDMSG 2221 @!@!@
@!@!@STARTMSG 2221:0 @!@!@
  |line 122, col 29 to line 122, col 48 of module CarLights: 594
@!@!@ENDMSG 2221 @!@!@
@!@!@STARTMSG 2221:0 @!@!@
  line 122, col 66 to line 122, col 99 of module CarLights: 864
@!@!@ENDMSG 2221 @!@!@
@!@!@STARTMSG 2221:0 @!@!@
  |line 122, col 66 to line 122, col 86 of module CarLights: 432
@!@!@ENDMSG 2221 @!@!@
@!@!@STARTMSG 2221:0 @!@!@
  line 122, col 104 to line 122, col 135 of module CarLights: 864
@!@!@ENDMSG 2221 @!@!@
@!@!@STARTMSG 2221:0 @!@!@
  |line 122, col 104 to line 122, col 122 of module CarLights: 432
@!@!@ENDMSG 2221 @!@!@
@!@!@STARTMSG 2221:0 @!@!@
  line 123, col 29 to line 123, col 139 of module CarLights: 432
@!@!@ENDMSG 2221 @!@!@
@!@!@STARTMSG 2221:0 @!@!@
  line 124, col 29 to line 124, col 120 of module CarLights: 432
@!@!@ENDMSG 2221 @!@!@
@!@!@STARTMSG 2772:0 @!@!@
<RightBlinking line 133, col 1 to line 133, col 13 of module CarLights>: 161:432
@!@!@ENDMSG 2772 @!@!@
@!@!@STARTMSG 2221:0 @!@!@
  line 133, col 21 to line 133, col 31 of module CarLights: 12906
@!@!@ENDMSG 2221 @!@!@
@!@!@STARTMSG 2221:0 @!@!@
  |line 133, col 21 to line 133, col 23 of module CarLights: 12474
@!@!@ENDMSG 2221 @!@!@
@!@!@STARTMSG 2221:0 @!@!@
  |line 133, col 27 to line 133, col 31 of module CarLights: 12474
@!@!@ENDMSG 2221 @!@!@
@!@!@STARTMSG 2221:0 @!@!@
  line 134, col 21 to line 134, col 26 of module CarLights: 432
@!@!@ENDMSG 2221 @!@!@
@!@!@STARTMSG 2221:0 @!@!@
  line 135, col 21 to line 135, col 39 of module CarLights: 4590
@!@!@ENDMSG 2221 @!@!@
@!@!@STARTMSG 2221:0 @!@!@
  |line 135, col 21 to line 135, col 29 of module CarLights: 4158
@!@!@ENDMSG 2221 @!@!@
@!@!@STARTMSG 2221:0 @!@!@
  line 136, col 21 to line 136, col 52 of module CarLights: 1026
@!@!@ENDMSG 2221 @!@!@
@!@!@STARTMSG 2221:0 @!@!@
  |line 136, col 21 to line 136, col 39 of module CarLights: 594
@!@!@ENDMSG 2221 @!@!@
@!@!@STARTMSG 2221:0 @!@!@
  line 136, col 58 to line 136, col 90 of module CarLights: 864
@!@!@ENDMSG 2221 @!@!@
@!@!@STARTMSG 2221:0 @!@!@
  |line 136, col 58 to line 136, col 77 of module CarLights: 432
@!@!@ENDMSG 2221 @!@!@
@!@!@STARTMSG 2221:0 @!@!@
  line 136, col 95 to line 136, col 125 of module CarLights: 864
@!@!@ENDMSG 2221 @!@!@
@!@!@STARTMSG 2221:0 @!@!@
  |line 136, col 95 to line 136, col 112 of module CarLights: 432
@!@!@ENDMSG 2221 @!@!@
@!@!@STARTMSG 2221:0 @!@!@
  line 137, col 21 to line 137, col 134 of module CarLights: 432
@!@!@ENDMSG 2221 @!@!@
@!@!@STARTMSG 2221:0 @!@!@
  line 138, col 21 to line 138, col 112 of module CarLights: 432
@!@!@ENDMSG 2221 @!@!@
@!@!@STARTMSG 2772:0 @!@!@
<LeftBlinking line 140, col 1 to line 140, col 12 of module CarLights>: 162:432
@!@!@ENDMSG 2772 @!@!@
@!@!@STARTMSG 2221:0 @!@!@
  line 140, col 20 to line 140, col 30 of module CarLights: 12906
@!@!@ENDMSG 2221 @!@!@
@!@!@STARTMSG 2221:0 @!@!@
  |line 140, col 20 to line 140, col 22 of module CarLights: 12474
@!@!@ENDMSG 2221 @!@!@
@!@!@STARTMSG 2221:0 @!@!@
  |line 140, col 26 to line 140, col 30 of module CarLights: 12474
@!@!@ENDMSG 2221 @!@!@
@!@!@STARTMSG 2221:0 @!@!@
  line 141, col 20 to line 141, col 25 of module CarLights: 432
@!@!@ENDMSG 2221 @!@!@
@!@!@STARTMSG 2221:0 @!@!@
  line 142, col 20 to line 142, col 40 of module CarLights: 4590
@!@!@ENDMSG 2221 @!@!@
@!@!@STARTMSG 2221:0 @!@!@
  |line 142, col 20 to line 142, col 28 of module CarLights: 4158
@!@!@ENDMSG 2221 @!@!@
@!@!@STARTMSG 2221:0 @!@!@
  line 143, col 20 to line 143, col 52 of module CarLights: 1026
@!@!@ENDMSG 2221 @!@!@
@!@!@STARTMSG 2221:0 @!@!@
  |line 143, col 20 to line 143, col 39 of module CarLights: 594
@!@!@ENDMSG 2221 @!@!@
@!@!@STARTMSG 2221:0 @!@!@
  line 143, col 57 to line 143, col 90 of module CarLights: 864
@!@!@ENDMSG 2221 @!@!@
@!@!@STARTMSG 2221:0 @!@!@
  |line 143, col 57 to line 143, col 77 of module CarLights: 432
@!@!@ENDMSG 2221 @!@!@
@!@!@STARTMSG 2221:0 @!@!@
  line 143, col 95 to line 143, col 126 of module CarLights: 864
@!@!@ENDMSG 2221 @!@!@
@!@!@STARTMSG 2221:0 @!@!@
  |line 143, col 95 to line 143, col 113 of module CarLights: 432
@!@!@ENDMSG 2221 @!@!@
@!@!@STARTMSG 2221:0 @!@!@
  line 144, col 20 to line 144, col 130 of module CarLights: 432
@!@!@ENDMSG 2221 @!@!@
@!@!@STARTMSG 2221:0 @!@!@
  line 145, col 20 to line 145, col 111 of module CarLights: 432
@!@!@ENDMSG 2221 @!@!@
@!@!@STARTMSG 2772:0 @!@!@
<ActivateAmbientLight line 150, col 1 to line 150, col 20 of module CarLights>: 189:2079
@!@!@ENDMSG 2772 @!@!@
@!@!@STARTMSG 2221:0 @!@!@
  line 150, col 28 to line 150, col 30 of module CarLights: 2079
@!@!@ENDMSG 2221 @!@!@
@!@!@STARTMSG 2221:0 @!@!@
  line 151, col 28 to line 151, col 39 of module CarLights: 2079
@!@!@ENDMSG 2221 @!@!@
@!@!@STARTMSG 2221:0 @!@!@
  line 152, col 28 to line 152, col 41 of module CarLights: 6237
@!@!@ENDMSG 2221 @!@!@
@!@!@STARTMSG 2221:0 @!@!@
  |line 152, col 28 to line 152, col 33 of module CarLights: 4158
@!@!@ENDMSG 2221 @!@!@
@!@!@STARTMSG 2221:0 @!@!@
  |line 152, col 37 to line 152, col 41 of module CarLights: 4158
@!@!@ENDMSG 2221 @!@!@
@!@!@STARTMSG 2221:0 @!@!@
  line 153, col 28 to line 153, col 61 of module CarLights: 2079
@!@!@ENDMSG 2221 @!@!@
@!@!@STARTMSG 2221:0 @!@!@
  line 154, col 28 to line 154, col 119 of module CarLights: 2079
@!@!@ENDMSG 2221 @!@!@
@!@!@STARTMSG 2772:0 @!@!@
<LowHeadLights line 171, col 1 to line 171, col 13 of module CarLights>: 0:0
@!@!@ENDMSG 2772 @!@!@
@!@!@STARTMSG 2221:0 @!@!@
  line 159, col 29 to line 159, col 52 of module CarLights: 4158
@!@!@ENDMSG 2221 @!@!@
@!@!@STARTMSG 2221:0 @!@!@
  line 160, col 29 to line 160, col 152 of module CarLights: 0
@!@!@ENDMSG 2221 @!@!@
@!@!@STARTMSG 2221:0 @!@!@
  |line 160, col 39 to line 160, col 152 of module CarLights: 1386
@!@!@ENDMSG 2221 @!@!@
@!@!@STARTMSG 2221:0 @!@!@
  line 161, col 29 to line 161, col 120 of module CarLights: 0
@!@!@ENDMSG 2221 @!@!@
@!@!@STARTMSG 2221:0 @!@!@
  line 171, col 43 to line 171, col 65 of module CarLights: 1386
@!@!@ENDMSG 2221 @!@!@
@!@!@STARTMSG 2221:0 @!@!@
  |line 164, col 28 to line 169, col 122 of module CarLights: 1386
@!@!@ENDMSG 2221 @!@!@
@!@!@STARTMSG 2221:0 @!@!@
  ||line 164, col 31 to line 164, col 36 of module CarLights: 1386
@!@!@ENDMSG 2221 @!@!@
@!@!@STARTMSG 2221:0 @!@!@
  ||line 165, col 31 to line 165, col 33 of module CarLights: 1386
@!@!@ENDMSG 2221 @!@!@
@!@!@STARTMSG 2221:0 @!@!@
  ||line 166, col 31 to line 166, col 55 of module CarLights: 1386
@!@!@ENDMSG 2221 @!@!@
@!@!@STARTMSG 2221:0 @!@!@
  ||line 168, col 31 to line 168, col 150 of module CarLights: 0
@!@!@ENDMSG 2221 @!@!@
@!@!@STARTMSG 2221:0 @!@!@
  ||line 169, col 31 to line 169, col 122 of module CarLights: 0
@!@!@ENDMSG 2221 @!@!@
@!@!@STARTMSG 2774:0 @!@!@
<TypeInvariant line 38, col 1 to line 38, col 13 of module CarLights>
@!@!@ENDMSG 2774 @!@!@
@!@!@STARTMSG 2221:0 @!@!@
  line 38, col 18 to line 45, col 51 of module CarLights: 12474
@!@!@ENDMSG 2221 @!@!@
@!@!@STARTMSG 2202:0 @!@!@
End of statistics.
@!@!@ENDMSG 2202 @!@!@
@!@!@STARTMSG 2200:0 @!@!@
Progress(15) at 2020-01-14 15:03:45: 113,130 states generated (2,270,926 s/min), 12,474 distinct states found (250,398 ds/min), 0 states left on queue.
@!@!@ENDMSG 2200 @!@!@
@!@!@STARTMSG 2199:0 @!@!@
113130 states generated, 12474 distinct states found, 0 states left on queue.
@!@!@ENDMSG 2199 @!@!@
@!@!@STARTMSG 2194:0 @!@!@
The depth of the complete state graph search is 15.
@!@!@ENDMSG 2194 @!@!@
@!@!@STARTMSG 2268:0 @!@!@
The average outdegree of the complete state graph is 1 (minimum is 0, the maximum 8 and the 95th percentile is 3).
@!@!@ENDMSG 2268 @!@!@
@!@!@STARTMSG 2186:0 @!@!@
Finished in 2994ms at (2020-01-14 15:03:45)
@!@!@ENDMSG 2186 @!@!@
