@!@!@STARTMSG 2262:0 @!@!@
TLC2 Version 2.14 of 10 July 2019
@!@!@ENDMSG 2262 @!@!@
@!@!@STARTMSG 2187:0 @!@!@
Running breadth-first search Model-Checking with fp 123 and seed 3552199680219038677 with 4 workers on 8 cores with 581MB heap and 1306MB offheap memory [pid: 8845] (Linux 4.19.88-1-MANJARO amd64, AdoptOpenJDK 11.0.3 x86_64, OffHeapDiskFPSet, DiskStateQueue).
@!@!@ENDMSG 2187 @!@!@
@!@!@STARTMSG 2220:0 @!@!@
Starting SANY...
@!@!@ENDMSG 2220 @!@!@
Parsing file /home/herulume/dev/EM/tla/CarLights.toolbox/Model_1/MC.tla
Parsing file /home/herulume/dev/EM/tla/CarLights.toolbox/Model_1/CarLights.tla
Parsing file /home/herulume/Downloads/toolbox/plugins/org.lamport.tlatools_1.0.0.201907102009/tla2sany/StandardModules/TLC.tla
Parsing file /home/herulume/Downloads/toolbox/plugins/org.lamport.tlatools_1.0.0.201907102009/tla2sany/StandardModules/Naturals.tla
Parsing file /home/herulume/Downloads/toolbox/plugins/org.lamport.tlatools_1.0.0.201907102009/tla2sany/StandardModules/Sequences.tla
Parsing file /home/herulume/Downloads/toolbox/plugins/org.lamport.tlatools_1.0.0.201907102009/tla2sany/StandardModules/FiniteSets.tla
Semantic processing of module CarLights
Semantic processing of module Naturals
Semantic processing of module Sequences
Semantic processing of module FiniteSets
Semantic processing of module TLC
Semantic processing of module MC
@!@!@STARTMSG 2219:0 @!@!@
SANY finished.
@!@!@ENDMSG 2219 @!@!@
@!@!@STARTMSG 2185:0 @!@!@
Starting... (2020-01-14 11:17:28)
@!@!@ENDMSG 2185 @!@!@
@!@!@STARTMSG 2212:0 @!@!@
Implied-temporal checking--satisfiability problem has 2 branches.
@!@!@ENDMSG 2212 @!@!@
@!@!@STARTMSG 2189:0 @!@!@
Computing initial states...
@!@!@ENDMSG 2189 @!@!@
@!@!@STARTMSG 2269:0 @!@!@
Computed 2 initial states...
@!@!@ENDMSG 2269 @!@!@
@!@!@STARTMSG 2269:0 @!@!@
Computed 4 initial states...
@!@!@ENDMSG 2269 @!@!@
@!@!@STARTMSG 2269:0 @!@!@
Computed 8 initial states...
@!@!@ENDMSG 2269 @!@!@
@!@!@STARTMSG 2269:0 @!@!@
Computed 16 initial states...
@!@!@ENDMSG 2269 @!@!@
@!@!@STARTMSG 2190:0 @!@!@
Finished computing initial states: 27 distinct states generated at 2020-01-14 11:17:28.
@!@!@ENDMSG 2190 @!@!@
@!@!@STARTMSG 2200:0 @!@!@
Progress(11) at 2020-01-14 11:17:29: 43,227 states generated, 4,536 distinct states found, 0 states left on queue.
@!@!@ENDMSG 2200 @!@!@
@!@!@STARTMSG 2192:0 @!@!@
Checking 2 branches of temporal properties for the complete state space with 9072 total distinct states at (2020-01-14 11:17:29)
@!@!@ENDMSG 2192 @!@!@
@!@!@STARTMSG 2116:1 @!@!@
Temporal properties were violated.

@!@!@ENDMSG 2116 @!@!@
@!@!@STARTMSG 2264:1 @!@!@
The following behavior constitutes a counter-example:

@!@!@ENDMSG 2264 @!@!@
@!@!@STARTMSG 2217:4 @!@!@
1: <Initial predicate>
/\ lightRotarySwitch = TRUE
/\ steeringWheel = FALSE
/\ key = TRUE
/\ ambientLight = FALSE
/\ pitmanArm = "P_Neutral"
/\ gear = "G_Forward"
/\ driver = FALSE
/\ lights = [ FrontLeft |-> FALSE,
  FrontRight |-> FALSE,
  MiddleLeft |-> FALSE,
  MiddleRight |-> FALSE,
  BackRight |-> FALSE,
  BackLeft |-> FALSE,
  Top |-> FALSE ]

@!@!@ENDMSG 2217 @!@!@
@!@!@STARTMSG 2217:4 @!@!@
2: <ChangeDriver line 69, col 17 to line 71, col 111 of module CarLights>
/\ lightRotarySwitch = TRUE
/\ steeringWheel = FALSE
/\ key = TRUE
/\ ambientLight = FALSE
/\ pitmanArm = "P_Neutral"
/\ gear = "G_Forward"
/\ driver = TRUE
/\ lights = [ FrontLeft |-> FALSE,
  FrontRight |-> FALSE,
  MiddleLeft |-> FALSE,
  MiddleRight |-> FALSE,
  BackRight |-> FALSE,
  BackLeft |-> FALSE,
  Top |-> FALSE ]

@!@!@ENDMSG 2217 @!@!@
@!@!@STARTMSG 2217:4 @!@!@
3: <ChangeKey line 91, col 14 to line 93, col 111 of module CarLights>
/\ lightRotarySwitch = TRUE
/\ steeringWheel = FALSE
/\ key = FALSE
/\ ambientLight = FALSE
/\ pitmanArm = "P_Neutral"
/\ gear = "G_Forward"
/\ driver = TRUE
/\ lights = [ FrontLeft |-> FALSE,
  FrontRight |-> FALSE,
  MiddleLeft |-> FALSE,
  MiddleRight |-> FALSE,
  BackRight |-> FALSE,
  BackLeft |-> FALSE,
  Top |-> FALSE ]

@!@!@ENDMSG 2217 @!@!@
@!@!@STARTMSG 2217:4 @!@!@
4: <ChangePitmanArm line 78, col 20 to line 80, col 111 of module CarLights>
/\ lightRotarySwitch = TRUE
/\ steeringWheel = FALSE
/\ key = FALSE
/\ ambientLight = FALSE
/\ pitmanArm = "P_Down5"
/\ gear = "G_Forward"
/\ driver = TRUE
/\ lights = [ FrontLeft |-> FALSE,
  FrontRight |-> FALSE,
  MiddleLeft |-> FALSE,
  MiddleRight |-> FALSE,
  BackRight |-> FALSE,
  BackLeft |-> FALSE,
  Top |-> FALSE ]

@!@!@ENDMSG 2217 @!@!@
@!@!@STARTMSG 2217:4 @!@!@
5: <TmpLeftBlinking line 112, col 20 to line 122, col 120 of module CarLights>
/\ lightRotarySwitch = TRUE
/\ steeringWheel = FALSE
/\ key = FALSE
/\ ambientLight = FALSE
/\ pitmanArm = "P_Down5"
/\ gear = "G_Forward"
/\ driver = TRUE
/\ lights = [ FrontLeft |-> Blinking,
  FrontRight |-> FALSE,
  MiddleLeft |-> Blinking,
  MiddleRight |-> FALSE,
  BackRight |-> FALSE,
  BackLeft |-> Blinking,
  Top |-> FALSE ]

@!@!@ENDMSG 2217 @!@!@
@!@!@STARTMSG 2217:4 @!@!@
6: <ChangePitmanArm line 78, col 20 to line 80, col 111 of module CarLights>
/\ lightRotarySwitch = TRUE
/\ steeringWheel = FALSE
/\ key = FALSE
/\ ambientLight = FALSE
/\ pitmanArm = "P_Up5"
/\ gear = "G_Forward"
/\ driver = TRUE
/\ lights = [ FrontLeft |-> Blinking,
  FrontRight |-> FALSE,
  MiddleLeft |-> Blinking,
  MiddleRight |-> FALSE,
  BackRight |-> FALSE,
  BackLeft |-> Blinking,
  Top |-> FALSE ]

@!@!@ENDMSG 2217 @!@!@
@!@!@STARTMSG 2217:4 @!@!@
7: <TmpRightBlinking line 99, col 21 to line 109, col 121 of module CarLights>
/\ lightRotarySwitch = TRUE
/\ steeringWheel = FALSE
/\ key = FALSE
/\ ambientLight = FALSE
/\ pitmanArm = "P_Up5"
/\ gear = "G_Forward"
/\ driver = TRUE
/\ lights = [ FrontLeft |-> Blinking,
  FrontRight |-> Blinking,
  MiddleLeft |-> Blinking,
  MiddleRight |-> Blinking,
  BackRight |-> Blinking,
  BackLeft |-> Blinking,
  Top |-> FALSE ]

@!@!@ENDMSG 2217 @!@!@
@!@!@STARTMSG 2217:4 @!@!@
8: <ChangeGear line 73, col 15 to line 76, col 111 of module CarLights>
/\ lightRotarySwitch = TRUE
/\ steeringWheel = FALSE
/\ key = FALSE
/\ ambientLight = FALSE
/\ pitmanArm = "P_Up5"
/\ gear = "G_Reverse"
/\ driver = TRUE
/\ lights = [ FrontLeft |-> Blinking,
  FrontRight |-> Blinking,
  MiddleLeft |-> Blinking,
  MiddleRight |-> Blinking,
  BackRight |-> Blinking,
  BackLeft |-> Blinking,
  Top |-> FALSE ]

@!@!@ENDMSG 2217 @!@!@
@!@!@STARTMSG 2218:4 @!@!@
9: Stuttering
@!@!@ENDMSG 2218 @!@!@
@!@!@STARTMSG 2267:0 @!@!@
Finished checking temporal properties in 00s at 2020-01-14 11:17:29
@!@!@ENDMSG 2267 @!@!@
@!@!@STARTMSG 2201:0 @!@!@
The coverage statistics at 2020-01-14 11:17:29
@!@!@ENDMSG 2201 @!@!@
@!@!@STARTMSG 2773:0 @!@!@
<Init line 52, col 1 to line 52, col 4 of module CarLights>: 54:54
@!@!@ENDMSG 2773 @!@!@
@!@!@STARTMSG 2221:0 @!@!@
  line 52, col 12 to line 52, col 31 of module CarLights: 2
@!@!@ENDMSG 2221 @!@!@
@!@!@STARTMSG 2221:0 @!@!@
  line 53, col 12 to line 53, col 25 of module CarLights: 2
@!@!@ENDMSG 2221 @!@!@
@!@!@STARTMSG 2221:0 @!@!@
  line 54, col 12 to line 54, col 44 of module CarLights: 2
@!@!@ENDMSG 2221 @!@!@
@!@!@STARTMSG 2221:0 @!@!@
  line 55, col 12 to line 55, col 24 of module CarLights: 2
@!@!@ENDMSG 2221 @!@!@
@!@!@STARTMSG 2221:0 @!@!@
  line 57, col 12 to line 57, col 21 of module CarLights: 6
@!@!@ENDMSG 2221 @!@!@
@!@!@STARTMSG 2221:0 @!@!@
  line 58, col 12 to line 58, col 50 of module CarLights: 6
@!@!@ENDMSG 2221 @!@!@
@!@!@STARTMSG 2221:0 @!@!@
  line 59, col 12 to line 59, col 42 of module CarLights: 54
@!@!@ENDMSG 2221 @!@!@
@!@!@STARTMSG 2221:0 @!@!@
  |line 59, col 30 to line 59, col 42 of module CarLights: 18
@!@!@ENDMSG 2221 @!@!@
@!@!@STARTMSG 2772:0 @!@!@
<ChangeAmbientLight line 65, col 1 to line 65, col 18 of module CarLights>: 30:3032
@!@!@ENDMSG 2772 @!@!@
@!@!@STARTMSG 2221:0 @!@!@
  line 65, col 26 to line 65, col 31 of module CarLights: 3032
@!@!@ENDMSG 2221 @!@!@
@!@!@STARTMSG 2221:0 @!@!@
  line 66, col 26 to line 66, col 66 of module CarLights: 3032
@!@!@ENDMSG 2221 @!@!@
@!@!@STARTMSG 2221:0 @!@!@
  line 67, col 26 to line 67, col 111 of module CarLights: 3032
@!@!@ENDMSG 2221 @!@!@
@!@!@STARTMSG 2772:0 @!@!@
<ChangeDriver line 69, col 1 to line 69, col 12 of module CarLights>: 1512:3026
@!@!@ENDMSG 2772 @!@!@
@!@!@STARTMSG 2221:0 @!@!@
  line 69, col 20 to line 69, col 22 of module CarLights: 3026
@!@!@ENDMSG 2221 @!@!@
@!@!@STARTMSG 2221:0 @!@!@
  line 70, col 20 to line 70, col 48 of module CarLights: 3026
@!@!@ENDMSG 2221 @!@!@
@!@!@STARTMSG 2221:0 @!@!@
  line 71, col 20 to line 71, col 111 of module CarLights: 3026
@!@!@ENDMSG 2221 @!@!@
@!@!@STARTMSG 2772:0 @!@!@
<ChangeGear line 73, col 1 to line 73, col 10 of module CarLights>: 0:3038
@!@!@ENDMSG 2772 @!@!@
@!@!@STARTMSG 2221:0 @!@!@
  line 73, col 18 to line 73, col 23 of module CarLights: 1519
@!@!@ENDMSG 2221 @!@!@
@!@!@STARTMSG 2221:0 @!@!@
  line 74, col 18 to line 74, col 28 of module CarLights: 4551
@!@!@ENDMSG 2221 @!@!@
@!@!@STARTMSG 2221:0 @!@!@
  |line 74, col 18 to line 74, col 20 of module CarLights: 3032
@!@!@ENDMSG 2221 @!@!@
@!@!@STARTMSG 2221:0 @!@!@
  |line 74, col 24 to line 74, col 28 of module CarLights: 3032
@!@!@ENDMSG 2221 @!@!@
@!@!@STARTMSG 2221:0 @!@!@
  line 75, col 18 to line 75, col 39 of module CarLights: 3038
@!@!@ENDMSG 2221 @!@!@
@!@!@STARTMSG 2221:0 @!@!@
  |line 75, col 28 to line 75, col 39 of module CarLights: 1519
@!@!@ENDMSG 2221 @!@!@
@!@!@STARTMSG 2221:0 @!@!@
  line 76, col 18 to line 76, col 111 of module CarLights: 3038
@!@!@ENDMSG 2221 @!@!@
@!@!@STARTMSG 2772:0 @!@!@
<ChangePitmanArm line 78, col 1 to line 78, col 15 of module CarLights>: 1255:18186
@!@!@ENDMSG 2772 @!@!@
@!@!@STARTMSG 2221:0 @!@!@
  line 78, col 23 to line 78, col 28 of module CarLights: 3031
@!@!@ENDMSG 2221 @!@!@
@!@!@STARTMSG 2221:0 @!@!@
  line 79, col 23 to line 79, col 59 of module CarLights: 18186
@!@!@ENDMSG 2221 @!@!@
@!@!@STARTMSG 2221:0 @!@!@
  |line 79, col 38 to line 79, col 59 of module CarLights: 3031
@!@!@ENDMSG 2221 @!@!@
@!@!@STARTMSG 2221:0 @!@!@
  line 80, col 23 to line 80, col 111 of module CarLights: 18186
@!@!@ENDMSG 2221 @!@!@
@!@!@STARTMSG 2772:0 @!@!@
<ChangeLightRotarySwitch line 83, col 1 to line 83, col 23 of module CarLights>: 0:6058
@!@!@ENDMSG 2772 @!@!@
@!@!@STARTMSG 2221:0 @!@!@
  line 83, col 31 to line 83, col 36 of module CarLights: 3029
@!@!@ENDMSG 2221 @!@!@
@!@!@STARTMSG 2221:0 @!@!@
  line 84, col 31 to line 84, col 91 of module CarLights: 6058
@!@!@ENDMSG 2221 @!@!@
@!@!@STARTMSG 2221:0 @!@!@
  |line 84, col 54 to line 84, col 91 of module CarLights: 3029
@!@!@ENDMSG 2221 @!@!@
@!@!@STARTMSG 2221:0 @!@!@
  line 85, col 31 to line 85, col 111 of module CarLights: 6058
@!@!@ENDMSG 2221 @!@!@
@!@!@STARTMSG 2772:0 @!@!@
<ChangeSteeringWheel line 87, col 1 to line 87, col 19 of module CarLights>: 0:6058
@!@!@ENDMSG 2772 @!@!@
@!@!@STARTMSG 2221:0 @!@!@
  line 87, col 27 to line 87, col 32 of module CarLights: 3029
@!@!@ENDMSG 2221 @!@!@
@!@!@STARTMSG 2221:0 @!@!@
  line 88, col 27 to line 88, col 75 of module CarLights: 6058
@!@!@ENDMSG 2221 @!@!@
@!@!@STARTMSG 2221:0 @!@!@
  |line 88, col 46 to line 88, col 75 of module CarLights: 3029
@!@!@ENDMSG 2221 @!@!@
@!@!@STARTMSG 2221:0 @!@!@
  line 89, col 27 to line 89, col 111 of module CarLights: 6058
@!@!@ENDMSG 2221 @!@!@
@!@!@STARTMSG 2772:0 @!@!@
<ChangeKey line 91, col 1 to line 91, col 9 of module CarLights>: 1497:3029
@!@!@ENDMSG 2772 @!@!@
@!@!@STARTMSG 2221:0 @!@!@
  line 91, col 17 to line 91, col 22 of module CarLights: 3029
@!@!@ENDMSG 2221 @!@!@
@!@!@STARTMSG 2221:0 @!@!@
  line 92, col 17 to line 92, col 39 of module CarLights: 3029
@!@!@ENDMSG 2221 @!@!@
@!@!@STARTMSG 2221:0 @!@!@
  line 93, col 17 to line 93, col 111 of module CarLights: 3029
@!@!@ENDMSG 2221 @!@!@
@!@!@STARTMSG 2772:0 @!@!@
<TmpRightBlinking line 99, col 1 to line 99, col 16 of module CarLights>: 108:442
@!@!@ENDMSG 2772 @!@!@
@!@!@STARTMSG 2221:0 @!@!@
  line 99, col 24 to line 99, col 34 of module CarLights: 4768
@!@!@ENDMSG 2221 @!@!@
@!@!@STARTMSG 2221:0 @!@!@
  |line 99, col 24 to line 99, col 26 of module CarLights: 4547
@!@!@ENDMSG 2221 @!@!@
@!@!@STARTMSG 2221:0 @!@!@
  |line 99, col 30 to line 99, col 34 of module CarLights: 4547
@!@!@ENDMSG 2221 @!@!@
@!@!@STARTMSG 2221:0 @!@!@
  line 100, col 24 to line 100, col 29 of module CarLights: 221
@!@!@ENDMSG 2221 @!@!@
@!@!@STARTMSG 2221:0 @!@!@
  line 101, col 24 to line 101, col 42 of module CarLights: 1742
@!@!@ENDMSG 2221 @!@!@
@!@!@STARTMSG 2221:0 @!@!@
  |line 101, col 24 to line 101, col 32 of module CarLights: 1521
@!@!@ENDMSG 2221 @!@!@
@!@!@STARTMSG 2221:0 @!@!@
  line 104, col 30 to line 104, col 53 of module CarLights: 221
@!@!@ENDMSG 2221 @!@!@
@!@!@STARTMSG 2221:0 @!@!@
  line 105, col 30 to line 105, col 128 of module CarLights: 221
@!@!@ENDMSG 2221 @!@!@
@!@!@STARTMSG 2221:0 @!@!@
  line 106, col 30 to line 106, col 110 of module CarLights: 221
@!@!@ENDMSG 2221 @!@!@
@!@!@STARTMSG 2221:0 @!@!@
  line 108, col 30 to line 108, col 137 of module CarLights: 221
@!@!@ENDMSG 2221 @!@!@
@!@!@STARTMSG 2221:0 @!@!@
  line 109, col 30 to line 109, col 121 of module CarLights: 221
@!@!@ENDMSG 2221 @!@!@
@!@!@STARTMSG 2772:0 @!@!@
<TmpLeftBlinking line 112, col 1 to line 112, col 15 of module CarLights>: 107:438
@!@!@ENDMSG 2772 @!@!@
@!@!@STARTMSG 2221:0 @!@!@
  line 112, col 23 to line 112, col 33 of module CarLights: 4765
@!@!@ENDMSG 2221 @!@!@
@!@!@STARTMSG 2221:0 @!@!@
  |line 112, col 23 to line 112, col 25 of module CarLights: 4546
@!@!@ENDMSG 2221 @!@!@
@!@!@STARTMSG 2221:0 @!@!@
  |line 112, col 29 to line 112, col 33 of module CarLights: 4546
@!@!@ENDMSG 2221 @!@!@
@!@!@STARTMSG 2221:0 @!@!@
  line 113, col 23 to line 113, col 28 of module CarLights: 219
@!@!@ENDMSG 2221 @!@!@
@!@!@STARTMSG 2221:0 @!@!@
  line 114, col 23 to line 114, col 43 of module CarLights: 1739
@!@!@ENDMSG 2221 @!@!@
@!@!@STARTMSG 2221:0 @!@!@
  |line 114, col 23 to line 114, col 31 of module CarLights: 1520
@!@!@ENDMSG 2221 @!@!@
@!@!@STARTMSG 2221:0 @!@!@
  line 117, col 29 to line 117, col 52 of module CarLights: 219
@!@!@ENDMSG 2221 @!@!@
@!@!@STARTMSG 2221:0 @!@!@
  line 118, col 29 to line 118, col 124 of module CarLights: 219
@!@!@ENDMSG 2221 @!@!@
@!@!@STARTMSG 2221:0 @!@!@
  line 119, col 29 to line 119, col 109 of module CarLights: 219
@!@!@ENDMSG 2221 @!@!@
@!@!@STARTMSG 2221:0 @!@!@
  line 121, col 29 to line 121, col 133 of module CarLights: 219
@!@!@ENDMSG 2221 @!@!@
@!@!@STARTMSG 2221:0 @!@!@
  line 122, col 29 to line 122, col 120 of module CarLights: 219
@!@!@ENDMSG 2221 @!@!@
@!@!@STARTMSG 2774:0 @!@!@
<TypeInvariant line 39, col 1 to line 39, col 13 of module CarLights>
@!@!@ENDMSG 2774 @!@!@
@!@!@STARTMSG 2221:0 @!@!@
  line 39, col 18 to line 46, col 51 of module CarLights: 4536
@!@!@ENDMSG 2221 @!@!@
@!@!@STARTMSG 2202:0 @!@!@
End of statistics.
@!@!@ENDMSG 2202 @!@!@
@!@!@STARTMSG 2200:0 @!@!@
Progress(11) at 2020-01-14 11:17:29: 43,227 states generated (1,219,952 s/min), 4,536 distinct states found (128,015 ds/min), 0 states left on queue.
@!@!@ENDMSG 2200 @!@!@
@!@!@STARTMSG 2199:0 @!@!@
43227 states generated, 4536 distinct states found, 0 states left on queue.
@!@!@ENDMSG 2199 @!@!@
@!@!@STARTMSG 2186:0 @!@!@
Finished in 2129ms at (2020-01-14 11:17:29)
@!@!@ENDMSG 2186 @!@!@
