@!@!@STARTMSG 2262:0 @!@!@
TLC2 Version 2.14 of 10 July 2019
@!@!@ENDMSG 2262 @!@!@
@!@!@STARTMSG 2187:0 @!@!@
Running breadth-first search Model-Checking with fp 47 and seed 6646658324548695832 with 4 workers on 8 cores with 1163MB heap and 2613MB offheap memory [pid: 17816] (Linux 4.19.88-1-MANJARO amd64, AdoptOpenJDK 11.0.3 x86_64, OffHeapDiskFPSet, DiskStateQueue).
@!@!@ENDMSG 2187 @!@!@
@!@!@STARTMSG 2220:0 @!@!@
Starting SANY...
@!@!@ENDMSG 2220 @!@!@
Parsing file /home/herulume/dev/EM/tla/CarLights.toolbox/Model_1/MC.tla
Parsing file /home/herulume/dev/EM/tla/CarLights.toolbox/Model_1/CarLights.tla
Parsing file /home/herulume/Downloads/toolbox/plugins/org.lamport.tlatools_1.0.0.201907102009/tla2sany/StandardModules/TLC.tla
Parsing file /home/herulume/Downloads/toolbox/plugins/org.lamport.tlatools_1.0.0.201907102009/tla2sany/StandardModules/Naturals.tla
Parsing file /home/herulume/Downloads/toolbox/plugins/org.lamport.tlatools_1.0.0.201907102009/tla2sany/StandardModules/Sequences.tla
Parsing file /home/herulume/Downloads/toolbox/plugins/org.lamport.tlatools_1.0.0.201907102009/tla2sany/StandardModules/FiniteSets.tla
Semantic processing of module CarLights
Semantic processing of module Naturals
Semantic processing of module Sequences
Semantic processing of module FiniteSets
Semantic processing of module TLC
Semantic processing of module MC
@!@!@STARTMSG 2219:0 @!@!@
SANY finished.
@!@!@ENDMSG 2219 @!@!@
@!@!@STARTMSG 2185:0 @!@!@
Starting... (2020-01-15 00:03:48)
@!@!@ENDMSG 2185 @!@!@
@!@!@STARTMSG 2212:0 @!@!@
Implied-temporal checking--satisfiability problem has 1 branches.
@!@!@ENDMSG 2212 @!@!@
@!@!@STARTMSG 2189:0 @!@!@
Computing initial states...
@!@!@ENDMSG 2189 @!@!@
@!@!@STARTMSG 2190:0 @!@!@
Finished computing initial states: 1 distinct state generated at 2020-01-15 00:03:49.
@!@!@ENDMSG 2190 @!@!@
@!@!@STARTMSG 2192:0 @!@!@
Checking temporal properties for the current state space with 15006 total distinct states at (2020-01-15 00:03:52)
@!@!@ENDMSG 2192 @!@!@
@!@!@STARTMSG 2116:1 @!@!@
Temporal properties were violated.

@!@!@ENDMSG 2116 @!@!@
@!@!@STARTMSG 2264:1 @!@!@
The following behavior constitutes a counter-example:

@!@!@ENDMSG 2264 @!@!@
@!@!@STARTMSG 2217:4 @!@!@
1: <Initial predicate>
/\ blinker = "B_Off"
/\ lightRotarySwitch = FALSE
/\ lights = [ FrontLeft |-> "Off",
  FrontRight |-> "Off",
  BackRight |-> "Off",
  BackLeft |-> "Off",
  Top |-> "Off" ]
/\ driver = FALSE
/\ ambientLight = FALSE
/\ steeringWheel = "S_Neutral"
/\ brake = FALSE
/\ gear = "G_Neutral"
/\ pitmanArm = "P_Neutral"
/\ key = "KeyNotInserted"
/\ cornering = "C_Neutral"

@!@!@ENDMSG 2217 @!@!@
@!@!@STARTMSG 2217:4 @!@!@
2: <ChangeDriver line 205, col 17 to line 207, col 139 of module CarLights>
/\ blinker = "B_Off"
/\ lightRotarySwitch = FALSE
/\ lights = [ FrontLeft |-> "Off",
  FrontRight |-> "Off",
  BackRight |-> "Off",
  BackLeft |-> "Off",
  Top |-> "Off" ]
/\ driver = TRUE
/\ ambientLight = FALSE
/\ steeringWheel = "S_Neutral"
/\ brake = FALSE
/\ gear = "G_Neutral"
/\ pitmanArm = "P_Neutral"
/\ key = "KeyNotInserted"
/\ cornering = "C_Neutral"

@!@!@ENDMSG 2217 @!@!@
@!@!@STARTMSG 2217:4 @!@!@
3: <ChangeKey line 236, col 14 to line 240, col 139 of module CarLights>
/\ blinker = "B_Off"
/\ lightRotarySwitch = FALSE
/\ lights = [ FrontLeft |-> "Off",
  FrontRight |-> "Off",
  BackRight |-> "Off",
  BackLeft |-> "Off",
  Top |-> "Off" ]
/\ driver = TRUE
/\ ambientLight = FALSE
/\ steeringWheel = "S_Neutral"
/\ brake = FALSE
/\ gear = "G_Neutral"
/\ pitmanArm = "P_Neutral"
/\ key = "KeyInserted"
/\ cornering = "C_Neutral"

@!@!@ENDMSG 2217 @!@!@
@!@!@STARTMSG 2217:4 @!@!@
4: <ChangePitmanArm line 214, col 20 to line 224, col 139 of module CarLights>
/\ blinker = "B_Off"
/\ lightRotarySwitch = FALSE
/\ lights = [ FrontLeft |-> "Off",
  FrontRight |-> "Off",
  BackRight |-> "Off",
  BackLeft |-> "Off",
  Top |-> "Off" ]
/\ driver = TRUE
/\ ambientLight = FALSE
/\ steeringWheel = "S_Neutral"
/\ brake = FALSE
/\ gear = "G_Neutral"
/\ pitmanArm = "P_Down7"
/\ key = "KeyInserted"
/\ cornering = "C_Neutral"

@!@!@ENDMSG 2217 @!@!@
@!@!@STARTMSG 2217:4 @!@!@
5: <ChangeLightRotarySwitch line 227, col 28 to line 230, col 139 of module CarLights>
/\ blinker = "B_Off"
/\ lightRotarySwitch = TRUE
/\ lights = [ FrontLeft |-> "Off",
  FrontRight |-> "Off",
  BackRight |-> "Off",
  BackLeft |-> "Off",
  Top |-> "Off" ]
/\ driver = TRUE
/\ ambientLight = FALSE
/\ steeringWheel = "S_Neutral"
/\ brake = FALSE
/\ gear = "G_Neutral"
/\ pitmanArm = "P_Down7"
/\ key = "KeyInserted"
/\ cornering = "C_Neutral"

@!@!@ENDMSG 2217 @!@!@
@!@!@STARTMSG 2217:4 @!@!@
6: <ChangeKey line 236, col 14 to line 240, col 139 of module CarLights>
/\ blinker = "B_Off"
/\ lightRotarySwitch = TRUE
/\ lights = [ FrontLeft |-> "Off",
  FrontRight |-> "Off",
  BackRight |-> "Off",
  BackLeft |-> "Off",
  Top |-> "Off" ]
/\ driver = TRUE
/\ ambientLight = FALSE
/\ steeringWheel = "S_Neutral"
/\ brake = FALSE
/\ gear = "G_Neutral"
/\ pitmanArm = "P_Down7"
/\ key = "KeyInIgnitionOnPosition"
/\ cornering = "C_Neutral"

@!@!@ENDMSG 2217 @!@!@
@!@!@STARTMSG 2217:4 @!@!@
7: <ChangeGear line 209, col 15 to line 212, col 139 of module CarLights>
/\ blinker = "B_Off"
/\ lightRotarySwitch = TRUE
/\ lights = [ FrontLeft |-> "Off",
  FrontRight |-> "Off",
  BackRight |-> "Off",
  BackLeft |-> "Off",
  Top |-> "Off" ]
/\ driver = TRUE
/\ ambientLight = FALSE
/\ steeringWheel = "S_Neutral"
/\ brake = FALSE
/\ gear = "G_Reverse"
/\ pitmanArm = "P_Down7"
/\ key = "KeyInIgnitionOnPosition"
/\ cornering = "C_Neutral"

@!@!@ENDMSG 2217 @!@!@
@!@!@STARTMSG 2217:4 @!@!@
8: <LeftBlinking line 110, col 17 to line 114, col 138 of module CarLights>
/\ blinker = "B_Left"
/\ lightRotarySwitch = TRUE
/\ lights = [ FrontLeft |-> "Off",
  FrontRight |-> "Off",
  BackRight |-> "Off",
  BackLeft |-> "Off",
  Top |-> "Off" ]
/\ driver = TRUE
/\ ambientLight = FALSE
/\ steeringWheel = "S_Neutral"
/\ brake = FALSE
/\ gear = "G_Reverse"
/\ pitmanArm = "P_Down7"
/\ key = "KeyInIgnitionOnPosition"
/\ cornering = "C_Neutral"

@!@!@ENDMSG 2217 @!@!@
@!@!@STARTMSG 2217:4 @!@!@
9: <ActivateLowHeadLights line 131, col 26 to line 135, col 148 of module CarLights>
/\ blinker = "B_Left"
/\ lightRotarySwitch = TRUE
/\ lights = [ FrontLeft |-> "Half",
  FrontRight |-> "Half",
  BackRight |-> "Half",
  BackLeft |-> "Half",
  Top |-> "Off" ]
/\ driver = TRUE
/\ ambientLight = FALSE
/\ steeringWheel = "S_Neutral"
/\ brake = FALSE
/\ gear = "G_Reverse"
/\ pitmanArm = "P_Down7"
/\ key = "KeyInIgnitionOnPosition"
/\ cornering = "C_Neutral"

@!@!@ENDMSG 2217 @!@!@
@!@!@STARTMSG 2217:4 @!@!@
10: <ChangeGear line 209, col 15 to line 212, col 139 of module CarLights>
/\ blinker = "B_Left"
/\ lightRotarySwitch = TRUE
/\ lights = [ FrontLeft |-> "Half",
  FrontRight |-> "Half",
  BackRight |-> "Half",
  BackLeft |-> "Half",
  Top |-> "Off" ]
/\ driver = TRUE
/\ ambientLight = FALSE
/\ steeringWheel = "S_Neutral"
/\ brake = FALSE
/\ gear = "G_Forward"
/\ pitmanArm = "P_Down7"
/\ key = "KeyInIgnitionOnPosition"
/\ cornering = "C_Neutral"

@!@!@ENDMSG 2217 @!@!@
@!@!@STARTMSG 2122:4 @!@!@
9: Back to state: <ChangeGear line 209, col 15 to line 212, col 139 of module CarLights>

@!@!@ENDMSG 2122 @!@!@
@!@!@STARTMSG 2267:0 @!@!@
Finished checking temporal properties in 00s at 2020-01-15 00:03:53
@!@!@ENDMSG 2267 @!@!@
@!@!@STARTMSG 2201:0 @!@!@
The coverage statistics at 2020-01-15 00:03:53
@!@!@ENDMSG 2201 @!@!@
@!@!@STARTMSG 2773:0 @!@!@
<Init line 57, col 1 to line 57, col 4 of module CarLights>: 2:2
@!@!@ENDMSG 2773 @!@!@
@!@!@STARTMSG 2221:0 @!@!@
  line 57, col 9 to line 67, col 28 of module CarLights: 2
@!@!@ENDMSG 2221 @!@!@
@!@!@STARTMSG 2772:0 @!@!@
<TmpRightBlinkingOn line 73, col 1 to line 73, col 18 of module CarLights>: 55:515
@!@!@ENDMSG 2772 @!@!@
@!@!@STARTMSG 2221:0 @!@!@
  line 73, col 26 to line 73, col 31 of module CarLights: 515
@!@!@ENDMSG 2221 @!@!@
@!@!@STARTMSG 2221:0 @!@!@
  line 74, col 26 to line 74, col 44 of module CarLights: 7277
@!@!@ENDMSG 2221 @!@!@
@!@!@STARTMSG 2221:0 @!@!@
  |line 74, col 26 to line 74, col 34 of module CarLights: 6762
@!@!@ENDMSG 2221 @!@!@
@!@!@STARTMSG 2221:0 @!@!@
  line 75, col 26 to line 75, col 56 of module CarLights: 1652
@!@!@ENDMSG 2221 @!@!@
@!@!@STARTMSG 2221:0 @!@!@
  |line 75, col 26 to line 75, col 28 of module CarLights: 1137
@!@!@ENDMSG 2221 @!@!@
@!@!@STARTMSG 2221:0 @!@!@
  line 76, col 26 to line 76, col 45 of module CarLights: 515
@!@!@ENDMSG 2221 @!@!@
@!@!@STARTMSG 2221:0 @!@!@
  line 77, col 26 to line 77, col 144 of module CarLights: 515
@!@!@ENDMSG 2221 @!@!@
@!@!@STARTMSG 2772:0 @!@!@
<TmpRightBlinkingOff line 79, col 1 to line 79, col 19 of module CarLights>: 7:1137
@!@!@ENDMSG 2772 @!@!@
@!@!@STARTMSG 2221:0 @!@!@
  line 79, col 27 to line 79, col 32 of module CarLights: 1137
@!@!@ENDMSG 2221 @!@!@
@!@!@STARTMSG 2221:0 @!@!@
  line 80, col 27 to line 80, col 45 of module CarLights: 7899
@!@!@ENDMSG 2221 @!@!@
@!@!@STARTMSG 2221:0 @!@!@
  |line 80, col 27 to line 80, col 35 of module CarLights: 6762
@!@!@ENDMSG 2221 @!@!@
@!@!@STARTMSG 2221:0 @!@!@
  line 81, col 27 to line 81, col 50 of module CarLights: 1137
@!@!@ENDMSG 2221 @!@!@
@!@!@STARTMSG 2221:0 @!@!@
  line 82, col 27 to line 82, col 44 of module CarLights: 1137
@!@!@ENDMSG 2221 @!@!@
@!@!@STARTMSG 2221:0 @!@!@
  line 83, col 27 to line 83, col 134 of module CarLights: 1137
@!@!@ENDMSG 2221 @!@!@
@!@!@STARTMSG 2772:0 @!@!@
<TmpLeftBlinkingOn line 85, col 1 to line 85, col 17 of module CarLights>: 57:974
@!@!@ENDMSG 2772 @!@!@
@!@!@STARTMSG 2221:0 @!@!@
  line 85, col 25 to line 85, col 30 of module CarLights: 974
@!@!@ENDMSG 2221 @!@!@
@!@!@STARTMSG 2221:0 @!@!@
  line 86, col 25 to line 86, col 45 of module CarLights: 14498
@!@!@ENDMSG 2221 @!@!@
@!@!@STARTMSG 2221:0 @!@!@
  |line 86, col 25 to line 86, col 33 of module CarLights: 13524
@!@!@ENDMSG 2221 @!@!@
@!@!@STARTMSG 2221:0 @!@!@
  line 87, col 25 to line 87, col 55 of module CarLights: 3044
@!@!@ENDMSG 2221 @!@!@
@!@!@STARTMSG 2221:0 @!@!@
  |line 87, col 25 to line 87, col 27 of module CarLights: 2070
@!@!@ENDMSG 2221 @!@!@
@!@!@STARTMSG 2221:0 @!@!@
  line 88, col 25 to line 88, col 43 of module CarLights: 974
@!@!@ENDMSG 2221 @!@!@
@!@!@STARTMSG 2221:0 @!@!@
  line 89, col 25 to line 89, col 143 of module CarLights: 974
@!@!@ENDMSG 2221 @!@!@
@!@!@STARTMSG 2772:0 @!@!@
<RightBlinking line 104, col 1 to line 104, col 13 of module CarLights>: 58:515
@!@!@ENDMSG 2772 @!@!@
@!@!@STARTMSG 2221:0 @!@!@
  line 104, col 21 to line 104, col 51 of module CarLights: 9453
@!@!@ENDMSG 2221 @!@!@
@!@!@STARTMSG 2221:0 @!@!@
  |line 104, col 21 to line 104, col 23 of module CarLights: 8938
@!@!@ENDMSG 2221 @!@!@
@!@!@STARTMSG 2221:0 @!@!@
  line 105, col 21 to line 105, col 26 of module CarLights: 515
@!@!@ENDMSG 2221 @!@!@
@!@!@STARTMSG 2221:0 @!@!@
  line 106, col 21 to line 106, col 39 of module CarLights: 3430
@!@!@ENDMSG 2221 @!@!@
@!@!@STARTMSG 2221:0 @!@!@
  |line 106, col 21 to line 106, col 29 of module CarLights: 2915
@!@!@ENDMSG 2221 @!@!@
@!@!@STARTMSG 2221:0 @!@!@
  line 107, col 21 to line 107, col 40 of module CarLights: 515
@!@!@ENDMSG 2221 @!@!@
@!@!@STARTMSG 2221:0 @!@!@
  line 108, col 21 to line 108, col 139 of module CarLights: 515
@!@!@ENDMSG 2221 @!@!@
@!@!@STARTMSG 2772:0 @!@!@
<LeftBlinking line 110, col 1 to line 110, col 12 of module CarLights>: 50:418
@!@!@ENDMSG 2772 @!@!@
@!@!@STARTMSG 2221:0 @!@!@
  line 110, col 20 to line 110, col 50 of module CarLights: 9356
@!@!@ENDMSG 2221 @!@!@
@!@!@STARTMSG 2221:0 @!@!@
  |line 110, col 20 to line 110, col 22 of module CarLights: 8938
@!@!@ENDMSG 2221 @!@!@
@!@!@STARTMSG 2221:0 @!@!@
  line 111, col 20 to line 111, col 25 of module CarLights: 418
@!@!@ENDMSG 2221 @!@!@
@!@!@STARTMSG 2221:0 @!@!@
  line 112, col 20 to line 112, col 40 of module CarLights: 3333
@!@!@ENDMSG 2221 @!@!@
@!@!@STARTMSG 2221:0 @!@!@
  |line 112, col 20 to line 112, col 28 of module CarLights: 2915
@!@!@ENDMSG 2221 @!@!@
@!@!@STARTMSG 2221:0 @!@!@
  line 113, col 20 to line 113, col 38 of module CarLights: 418
@!@!@ENDMSG 2221 @!@!@
@!@!@STARTMSG 2221:0 @!@!@
  line 114, col 20 to line 114, col 138 of module CarLights: 418
@!@!@ENDMSG 2221 @!@!@
@!@!@STARTMSG 2772:0 @!@!@
<DeactivateAllLights line 119, col 1 to line 119, col 19 of module CarLights>: 18:2592
@!@!@ENDMSG 2772 @!@!@
@!@!@STARTMSG 2221:0 @!@!@
  line 119, col 27 to line 119, col 32 of module CarLights: 2592
@!@!@ENDMSG 2221 @!@!@
@!@!@STARTMSG 2221:0 @!@!@
  line 120, col 27 to line 120, col 51 of module CarLights: 9352
@!@!@ENDMSG 2221 @!@!@
@!@!@STARTMSG 2221:0 @!@!@
  |line 120, col 27 to line 120, col 43 of module CarLights: 6760
@!@!@ENDMSG 2221 @!@!@
@!@!@STARTMSG 2221:0 @!@!@
  |line 120, col 47 to line 120, col 51 of module CarLights: 6760
@!@!@ENDMSG 2221 @!@!@
@!@!@STARTMSG 2221:0 @!@!@
  line 121, col 27 to line 121, col 59 of module CarLights: 2592
@!@!@ENDMSG 2221 @!@!@
@!@!@STARTMSG 2221:0 @!@!@
  line 122, col 27 to line 122, col 44 of module CarLights: 2592
@!@!@ENDMSG 2221 @!@!@
@!@!@STARTMSG 2221:0 @!@!@
  line 123, col 27 to line 123, col 137 of module CarLights: 2592
@!@!@ENDMSG 2221 @!@!@
@!@!@STARTMSG 2772:0 @!@!@
<ActivateAmbientLight line 125, col 1 to line 125, col 20 of module CarLights>: 347:775
@!@!@ENDMSG 2772 @!@!@
@!@!@STARTMSG 2221:0 @!@!@
  line 125, col 28 to line 125, col 46 of module CarLights: 9712
@!@!@ENDMSG 2221 @!@!@
@!@!@STARTMSG 2221:0 @!@!@
  |line 125, col 28 to line 125, col 30 of module CarLights: 8937
@!@!@ENDMSG 2221 @!@!@
@!@!@STARTMSG 2221:0 @!@!@
  line 126, col 28 to line 126, col 39 of module CarLights: 775
@!@!@ENDMSG 2221 @!@!@
@!@!@STARTMSG 2221:0 @!@!@
  line 127, col 28 to line 127, col 41 of module CarLights: 2741
@!@!@ENDMSG 2221 @!@!@
@!@!@STARTMSG 2221:0 @!@!@
  |line 127, col 28 to line 127, col 33 of module CarLights: 1966
@!@!@ENDMSG 2221 @!@!@
@!@!@STARTMSG 2221:0 @!@!@
  |line 127, col 37 to line 127, col 41 of module CarLights: 1966
@!@!@ENDMSG 2221 @!@!@
@!@!@STARTMSG 2221:0 @!@!@
  line 128, col 28 to line 128, col 61 of module CarLights: 775
@!@!@ENDMSG 2221 @!@!@
@!@!@STARTMSG 2221:0 @!@!@
  line 129, col 28 to line 129, col 147 of module CarLights: 775
@!@!@ENDMSG 2221 @!@!@
@!@!@STARTMSG 2772:0 @!@!@
<ActivateLowHeadLights line 131, col 1 to line 131, col 21 of module CarLights>: 75:1870
@!@!@ENDMSG 2772 @!@!@
@!@!@STARTMSG 2221:0 @!@!@
  line 131, col 29 to line 131, col 34 of module CarLights: 1870
@!@!@ENDMSG 2221 @!@!@
@!@!@STARTMSG 2221:0 @!@!@
  line 132, col 29 to line 132, col 50 of module CarLights: 8631
@!@!@ENDMSG 2221 @!@!@
@!@!@STARTMSG 2221:0 @!@!@
  |line 132, col 29 to line 132, col 31 of module CarLights: 6761
@!@!@ENDMSG 2221 @!@!@
@!@!@STARTMSG 2221:0 @!@!@
  line 133, col 29 to line 133, col 52 of module CarLights: 7235
@!@!@ENDMSG 2221 @!@!@
@!@!@STARTMSG 2221:0 @!@!@
  |line 133, col 29 to line 133, col 45 of module CarLights: 5365
@!@!@ENDMSG 2221 @!@!@
@!@!@STARTMSG 2221:0 @!@!@
  |line 133, col 49 to line 133, col 52 of module CarLights: 5365
@!@!@ENDMSG 2221 @!@!@
@!@!@STARTMSG 2221:0 @!@!@
  line 134, col 29 to line 134, col 152 of module CarLights: 1870
@!@!@ENDMSG 2221 @!@!@
@!@!@STARTMSG 2221:0 @!@!@
  line 135, col 29 to line 135, col 148 of module CarLights: 1870
@!@!@ENDMSG 2221 @!@!@
@!@!@STARTMSG 2772:0 @!@!@
<DeactivateLowHeadLights line 137, col 1 to line 137, col 23 of module CarLights>: 22:504
@!@!@ENDMSG 2772 @!@!@
@!@!@STARTMSG 2221:0 @!@!@
  line 137, col 31 to line 137, col 36 of module CarLights: 504
@!@!@ENDMSG 2221 @!@!@
@!@!@STARTMSG 2221:0 @!@!@
  line 138, col 31 to line 138, col 52 of module CarLights: 7264
@!@!@ENDMSG 2221 @!@!@
@!@!@STARTMSG 2221:0 @!@!@
  |line 138, col 31 to line 138, col 33 of module CarLights: 6760
@!@!@ENDMSG 2221 @!@!@
@!@!@STARTMSG 2221:0 @!@!@
  line 139, col 31 to line 139, col 55 of module CarLights: 5868
@!@!@ENDMSG 2221 @!@!@
@!@!@STARTMSG 2221:0 @!@!@
  |line 139, col 31 to line 139, col 47 of module CarLights: 5364
@!@!@ENDMSG 2221 @!@!@
@!@!@STARTMSG 2221:0 @!@!@
  |line 139, col 51 to line 139, col 55 of module CarLights: 5364
@!@!@ENDMSG 2221 @!@!@
@!@!@STARTMSG 2221:0 @!@!@
  line 140, col 58 to line 140, col 81 of module CarLights: 4424
@!@!@ENDMSG 2221 @!@!@
@!@!@STARTMSG 2221:0 @!@!@
  |line 140, col 58 to line 140, col 77 of module CarLights: 3920
@!@!@ENDMSG 2221 @!@!@
@!@!@STARTMSG 2221:0 @!@!@
  |line 140, col 81 to line 140, col 81 of module CarLights: 3920
@!@!@ENDMSG 2221 @!@!@
@!@!@STARTMSG 2221:0 @!@!@
  line 140, col 86 to line 140, col 108 of module CarLights: 1008
@!@!@ENDMSG 2221 @!@!@
@!@!@STARTMSG 2221:0 @!@!@
  |line 140, col 86 to line 140, col 104 of module CarLights: 504
@!@!@ENDMSG 2221 @!@!@
@!@!@STARTMSG 2221:0 @!@!@
  |line 140, col 108 to line 140, col 108 of module CarLights: 504
@!@!@ENDMSG 2221 @!@!@
@!@!@STARTMSG 2221:0 @!@!@
  line 140, col 113 to line 140, col 134 of module CarLights: 1008
@!@!@ENDMSG 2221 @!@!@
@!@!@STARTMSG 2221:0 @!@!@
  |line 140, col 113 to line 140, col 130 of module CarLights: 504
@!@!@ENDMSG 2221 @!@!@
@!@!@STARTMSG 2221:0 @!@!@
  |line 140, col 134 to line 140, col 134 of module CarLights: 504
@!@!@ENDMSG 2221 @!@!@
@!@!@STARTMSG 2221:0 @!@!@
  line 140, col 139 to line 140, col 161 of module CarLights: 1008
@!@!@ENDMSG 2221 @!@!@
@!@!@STARTMSG 2221:0 @!@!@
  |line 140, col 139 to line 140, col 157 of module CarLights: 504
@!@!@ENDMSG 2221 @!@!@
@!@!@STARTMSG 2221:0 @!@!@
  |line 140, col 161 to line 140, col 161 of module CarLights: 504
@!@!@ENDMSG 2221 @!@!@
@!@!@STARTMSG 2775:0 @!@!@
  line 140, col 40 to line 140, col 54 of module CarLights: 1960:5880
@!@!@ENDMSG 2775 @!@!@
@!@!@STARTMSG 2221:0 @!@!@
  line 141, col 31 to line 141, col 150 of module CarLights: 504
@!@!@ENDMSG 2221 @!@!@
@!@!@STARTMSG 2221:0 @!@!@
  line 142, col 31 to line 142, col 149 of module CarLights: 504
@!@!@ENDMSG 2221 @!@!@
@!@!@STARTMSG 2772:0 @!@!@
<DeactivateLowHeadLightsNoKeyAuto line 144, col 1 to line 144, col 32 of module CarLights>: 0:355
@!@!@ENDMSG 2772 @!@!@
@!@!@STARTMSG 2221:0 @!@!@
  line 144, col 40 to line 144, col 45 of module CarLights: 355
@!@!@ENDMSG 2221 @!@!@
@!@!@STARTMSG 2221:0 @!@!@
  line 145, col 40 to line 145, col 63 of module CarLights: 7115
@!@!@ENDMSG 2221 @!@!@
@!@!@STARTMSG 2221:0 @!@!@
  |line 145, col 40 to line 145, col 56 of module CarLights: 6760
@!@!@ENDMSG 2221 @!@!@
@!@!@STARTMSG 2221:0 @!@!@
  |line 145, col 60 to line 145, col 63 of module CarLights: 6760
@!@!@ENDMSG 2221 @!@!@
@!@!@STARTMSG 2221:0 @!@!@
  line 146, col 40 to line 146, col 61 of module CarLights: 2245
@!@!@ENDMSG 2221 @!@!@
@!@!@STARTMSG 2221:0 @!@!@
  |line 146, col 40 to line 146, col 42 of module CarLights: 1890
@!@!@ENDMSG 2221 @!@!@
@!@!@STARTMSG 2221:0 @!@!@
  line 147, col 40 to line 147, col 159 of module CarLights: 355
@!@!@ENDMSG 2221 @!@!@
@!@!@STARTMSG 2221:0 @!@!@
  line 148, col 40 to line 148, col 159 of module CarLights: 355
@!@!@ENDMSG 2221 @!@!@
@!@!@STARTMSG 2772:0 @!@!@
<ActivateLeftCornering line 157, col 1 to line 157, col 21 of module CarLights>: 27:209
@!@!@ENDMSG 2772 @!@!@
@!@!@STARTMSG 2221:0 @!@!@
  line 157, col 29 to line 157, col 46 of module CarLights: 9145
@!@!@ENDMSG 2221 @!@!@
@!@!@STARTMSG 2221:0 @!@!@
  |line 157, col 29 to line 157, col 35 of module CarLights: 8936
@!@!@ENDMSG 2221 @!@!@
@!@!@STARTMSG 2221:0 @!@!@
  line 158, col 29 to line 158, col 52 of module CarLights: 854
@!@!@ENDMSG 2221 @!@!@
@!@!@STARTMSG 2221:0 @!@!@
  |line 158, col 29 to line 158, col 41 of module CarLights: 645
@!@!@ENDMSG 2221 @!@!@
@!@!@STARTMSG 2221:0 @!@!@
  line 159, col 29 to line 159, col 49 of module CarLights: 209
@!@!@ENDMSG 2221 @!@!@
@!@!@STARTMSG 2221:0 @!@!@
  line 160, col 29 to line 160, col 145 of module CarLights: 209
@!@!@ENDMSG 2221 @!@!@
@!@!@STARTMSG 2772:0 @!@!@
<ActivateRightCornering line 162, col 1 to line 162, col 22 of module CarLights>: 27:270
@!@!@ENDMSG 2772 @!@!@
@!@!@STARTMSG 2221:0 @!@!@
  line 162, col 30 to line 162, col 48 of module CarLights: 9206
@!@!@ENDMSG 2221 @!@!@
@!@!@STARTMSG 2221:0 @!@!@
  |line 162, col 30 to line 162, col 36 of module CarLights: 8936
@!@!@ENDMSG 2221 @!@!@
@!@!@STARTMSG 2221:0 @!@!@
  line 163, col 30 to line 163, col 54 of module CarLights: 1168
@!@!@ENDMSG 2221 @!@!@
@!@!@STARTMSG 2221:0 @!@!@
  |line 163, col 30 to line 163, col 42 of module CarLights: 898
@!@!@ENDMSG 2221 @!@!@
@!@!@STARTMSG 2221:0 @!@!@
  line 164, col 30 to line 164, col 51 of module CarLights: 270
@!@!@ENDMSG 2221 @!@!@
@!@!@STARTMSG 2221:0 @!@!@
  line 165, col 30 to line 165, col 146 of module CarLights: 270
@!@!@ENDMSG 2221 @!@!@
@!@!@STARTMSG 2772:0 @!@!@
<DeactivateCornering line 167, col 1 to line 167, col 19 of module CarLights>: 0:33
@!@!@ENDMSG 2772 @!@!@
@!@!@STARTMSG 2221:0 @!@!@
  line 167, col 27 to line 167, col 49 of module CarLights: 8969
@!@!@ENDMSG 2221 @!@!@
@!@!@STARTMSG 2221:0 @!@!@
  |line 167, col 27 to line 167, col 35 of module CarLights: 8936
@!@!@ENDMSG 2221 @!@!@
@!@!@STARTMSG 2221:0 @!@!@
  line 168, col 27 to line 168, col 53 of module CarLights: 263
@!@!@ENDMSG 2221 @!@!@
@!@!@STARTMSG 2221:0 @!@!@
  |line 168, col 27 to line 168, col 39 of module CarLights: 230
@!@!@ENDMSG 2221 @!@!@
@!@!@STARTMSG 2221:0 @!@!@
  line 169, col 27 to line 169, col 50 of module CarLights: 33
@!@!@ENDMSG 2221 @!@!@
@!@!@STARTMSG 2221:0 @!@!@
  line 170, col 27 to line 170, col 143 of module CarLights: 33
@!@!@ENDMSG 2221 @!@!@
@!@!@STARTMSG 2772:0 @!@!@
<ActivateHighBeam line 179, col 1 to line 179, col 16 of module CarLights>: 30:459
@!@!@ENDMSG 2772 @!@!@
@!@!@STARTMSG 2221:0 @!@!@
  line 179, col 24 to line 179, col 45 of module CarLights: 9395
@!@!@ENDMSG 2221 @!@!@
@!@!@STARTMSG 2221:0 @!@!@
  |line 179, col 24 to line 179, col 26 of module CarLights: 8936
@!@!@ENDMSG 2221 @!@!@
@!@!@STARTMSG 2221:0 @!@!@
  line 180, col 24 to line 180, col 29 of module CarLights: 459
@!@!@ENDMSG 2221 @!@!@
@!@!@STARTMSG 2221:0 @!@!@
  line 181, col 24 to line 181, col 46 of module CarLights: 5823
@!@!@ENDMSG 2221 @!@!@
@!@!@STARTMSG 2221:0 @!@!@
  |line 181, col 24 to line 181, col 32 of module CarLights: 5364
@!@!@ENDMSG 2221 @!@!@
@!@!@STARTMSG 2221:0 @!@!@
  line 182, col 24 to line 182, col 48 of module CarLights: 1135
@!@!@ENDMSG 2221 @!@!@
@!@!@STARTMSG 2221:0 @!@!@
  |line 182, col 24 to line 182, col 40 of module CarLights: 676
@!@!@ENDMSG 2221 @!@!@
@!@!@STARTMSG 2221:0 @!@!@
  |line 182, col 44 to line 182, col 48 of module CarLights: 676
@!@!@ENDMSG 2221 @!@!@
@!@!@STARTMSG 2221:0 @!@!@
  line 183, col 24 to line 183, col 99 of module CarLights: 459
@!@!@ENDMSG 2221 @!@!@
@!@!@STARTMSG 2221:0 @!@!@
  line 184, col 24 to line 184, col 143 of module CarLights: 459
@!@!@ENDMSG 2221 @!@!@
@!@!@STARTMSG 2772:0 @!@!@
<DeactivateHighBeam line 186, col 1 to line 186, col 18 of module CarLights>: 3:4864
@!@!@ENDMSG 2772 @!@!@
@!@!@STARTMSG 2221:0 @!@!@
  line 186, col 26 to line 186, col 47 of module CarLights: 12591
@!@!@ENDMSG 2221 @!@!@
@!@!@STARTMSG 2221:0 @!@!@
  |line 186, col 26 to line 186, col 28 of module CarLights: 8936
@!@!@ENDMSG 2221 @!@!@
@!@!@STARTMSG 2221:0 @!@!@
  line 187, col 26 to line 187, col 31 of module CarLights: 3655
@!@!@ENDMSG 2221 @!@!@
@!@!@STARTMSG 2221:0 @!@!@
  line 188, col 26 to line 188, col 42 of module CarLights: 9019
@!@!@ENDMSG 2221 @!@!@
@!@!@STARTMSG 2221:0 @!@!@
  |line 188, col 26 to line 188, col 32 of module CarLights: 5364
@!@!@ENDMSG 2221 @!@!@
@!@!@STARTMSG 2221:0 @!@!@
  line 190, col 29 to line 190, col 51 of module CarLights: 7552
@!@!@ENDMSG 2221 @!@!@
@!@!@STARTMSG 2221:0 @!@!@
  |line 190, col 29 to line 190, col 37 of module CarLights: 4114
@!@!@ENDMSG 2221 @!@!@
@!@!@STARTMSG 2221:0 @!@!@
  line 191, col 29 to line 191, col 53 of module CarLights: 5540
@!@!@ENDMSG 2221 @!@!@
@!@!@STARTMSG 2221:0 @!@!@
  |line 191, col 29 to line 191, col 45 of module CarLights: 4114
@!@!@ENDMSG 2221 @!@!@
@!@!@STARTMSG 2221:0 @!@!@
  |line 191, col 49 to line 191, col 53 of module CarLights: 4114
@!@!@ENDMSG 2221 @!@!@
@!@!@STARTMSG 2221:0 @!@!@
  line 192, col 25 to line 192, col 144 of module CarLights: 4864
@!@!@ENDMSG 2221 @!@!@
@!@!@STARTMSG 2221:0 @!@!@
  line 193, col 25 to line 193, col 143 of module CarLights: 4864
@!@!@ENDMSG 2221 @!@!@
@!@!@STARTMSG 2772:0 @!@!@
<ChangeAmbientLight line 201, col 1 to line 201, col 18 of module CarLights>: 57:6760
@!@!@ENDMSG 2772 @!@!@
@!@!@STARTMSG 2221:0 @!@!@
  line 201, col 26 to line 201, col 31 of module CarLights: 6760
@!@!@ENDMSG 2221 @!@!@
@!@!@STARTMSG 2221:0 @!@!@
  line 202, col 26 to line 202, col 66 of module CarLights: 6760
@!@!@ENDMSG 2221 @!@!@
@!@!@STARTMSG 2221:0 @!@!@
  line 203, col 26 to line 203, col 139 of module CarLights: 6760
@!@!@ENDMSG 2221 @!@!@
@!@!@STARTMSG 2772:0 @!@!@
<ChangeDriver line 205, col 1 to line 205, col 12 of module CarLights>: 3629:6023
@!@!@ENDMSG 2772 @!@!@
@!@!@STARTMSG 2221:0 @!@!@
  line 205, col 20 to line 205, col 50 of module CarLights: 14959
@!@!@ENDMSG 2221 @!@!@
@!@!@STARTMSG 2221:0 @!@!@
  |line 205, col 20 to line 205, col 22 of module CarLights: 8936
@!@!@ENDMSG 2221 @!@!@
@!@!@STARTMSG 2221:0 @!@!@
  line 206, col 20 to line 206, col 48 of module CarLights: 6023
@!@!@ENDMSG 2221 @!@!@
@!@!@STARTMSG 2221:0 @!@!@
  line 207, col 20 to line 207, col 139 of module CarLights: 6023
@!@!@ENDMSG 2221 @!@!@
@!@!@STARTMSG 2772:0 @!@!@
<ChangeGear line 209, col 1 to line 209, col 10 of module CarLights>: 1157:5826
@!@!@ENDMSG 2772 @!@!@
@!@!@STARTMSG 2221:0 @!@!@
  line 209, col 18 to line 209, col 23 of module CarLights: 2913
@!@!@ENDMSG 2221 @!@!@
@!@!@STARTMSG 2221:0 @!@!@
  line 210, col 18 to line 210, col 48 of module CarLights: 9673
@!@!@ENDMSG 2221 @!@!@
@!@!@STARTMSG 2221:0 @!@!@
  |line 210, col 18 to line 210, col 20 of module CarLights: 6760
@!@!@ENDMSG 2221 @!@!@
@!@!@STARTMSG 2221:0 @!@!@
  line 211, col 18 to line 211, col 39 of module CarLights: 5826
@!@!@ENDMSG 2221 @!@!@
@!@!@STARTMSG 2221:0 @!@!@
  |line 211, col 28 to line 211, col 39 of module CarLights: 2913
@!@!@ENDMSG 2221 @!@!@
@!@!@STARTMSG 2221:0 @!@!@
  line 212, col 18 to line 212, col 139 of module CarLights: 5826
@!@!@ENDMSG 2221 @!@!@
@!@!@STARTMSG 2772:0 @!@!@
<ChangePitmanArm line 214, col 1 to line 214, col 15 of module CarLights>: 191:11987
@!@!@ENDMSG 2772 @!@!@
@!@!@STARTMSG 2221:0 @!@!@
  line 214, col 23 to line 214, col 28 of module CarLights: 6757
@!@!@ENDMSG 2221 @!@!@
@!@!@STARTMSG 2221:0 @!@!@
  line 216, col 23 to line 218, col 49 of module CarLights: 2426
@!@!@ENDMSG 2221 @!@!@
@!@!@STARTMSG 2221:0 @!@!@
  |line 216, col 23 to line 217, col 42 of module CarLights: 6757
@!@!@ENDMSG 2221 @!@!@
@!@!@STARTMSG 2221:0 @!@!@
  ||line 216, col 26 to line 216, col 48 of module CarLights: 6757
@!@!@ENDMSG 2221 @!@!@
@!@!@STARTMSG 2221:0 @!@!@
  ||line 217, col 26 to line 217, col 42 of module CarLights: 5711
@!@!@ENDMSG 2221 @!@!@
@!@!@STARTMSG 2221:0 @!@!@
  |line 218, col 26 to line 218, col 49 of module CarLights: 4331
@!@!@ENDMSG 2221 @!@!@
@!@!@STARTMSG 2221:0 @!@!@
  line 220, col 23 to line 222, col 64 of module CarLights: 5711
@!@!@ENDMSG 2221 @!@!@
@!@!@STARTMSG 2221:0 @!@!@
  |line 220, col 23 to line 221, col 42 of module CarLights: 6757
@!@!@ENDMSG 2221 @!@!@
@!@!@STARTMSG 2221:0 @!@!@
  ||line 220, col 26 to line 220, col 48 of module CarLights: 6757
@!@!@ENDMSG 2221 @!@!@
@!@!@STARTMSG 2221:0 @!@!@
  ||line 221, col 26 to line 221, col 42 of module CarLights: 1046
@!@!@ENDMSG 2221 @!@!@
@!@!@STARTMSG 2221:0 @!@!@
  |line 222, col 26 to line 222, col 64 of module CarLights: 6276
@!@!@ENDMSG 2221 @!@!@
@!@!@STARTMSG 2221:0 @!@!@
  ||line 222, col 41 to line 222, col 64 of module CarLights: 1046
@!@!@ENDMSG 2221 @!@!@
@!@!@STARTMSG 2221:0 @!@!@
  line 223, col 23 to line 223, col 65 of module CarLights: 10607
@!@!@ENDMSG 2221 @!@!@
@!@!@STARTMSG 2221:0 @!@!@
  |line 223, col 23 to line 223, col 39 of module CarLights: 11987
@!@!@ENDMSG 2221 @!@!@
@!@!@STARTMSG 2221:0 @!@!@
  |line 223, col 44 to line 223, col 65 of module CarLights: 1380
@!@!@ENDMSG 2221 @!@!@
@!@!@STARTMSG 2221:0 @!@!@
  line 224, col 23 to line 224, col 139 of module CarLights: 11987
@!@!@ENDMSG 2221 @!@!@
@!@!@STARTMSG 2772:0 @!@!@
<ChangeLightRotarySwitch line 227, col 1 to line 227, col 23 of module CarLights>: 433:4900
@!@!@ENDMSG 2772 @!@!@
@!@!@STARTMSG 2221:0 @!@!@
  line 227, col 31 to line 227, col 36 of module CarLights: 2450
@!@!@ENDMSG 2221 @!@!@
@!@!@STARTMSG 2221:0 @!@!@
  line 228, col 31 to line 228, col 49 of module CarLights: 9206
@!@!@ENDMSG 2221 @!@!@
@!@!@STARTMSG 2221:0 @!@!@
  |line 228, col 31 to line 228, col 33 of module CarLights: 6756
@!@!@ENDMSG 2221 @!@!@
@!@!@STARTMSG 2221:0 @!@!@
  line 229, col 31 to line 229, col 91 of module CarLights: 4900
@!@!@ENDMSG 2221 @!@!@
@!@!@STARTMSG 2221:0 @!@!@
  |line 229, col 54 to line 229, col 91 of module CarLights: 2450
@!@!@ENDMSG 2221 @!@!@
@!@!@STARTMSG 2221:0 @!@!@
  line 230, col 31 to line 230, col 139 of module CarLights: 4900
@!@!@ENDMSG 2221 @!@!@
@!@!@STARTMSG 2772:0 @!@!@
<ChangeSteeringWheel line 232, col 1 to line 232, col 19 of module CarLights>: 211:13510
@!@!@ENDMSG 2772 @!@!@
@!@!@STARTMSG 2221:0 @!@!@
  line 232, col 27 to line 232, col 32 of module CarLights: 6755
@!@!@ENDMSG 2221 @!@!@
@!@!@STARTMSG 2221:0 @!@!@
  line 233, col 27 to line 233, col 75 of module CarLights: 13510
@!@!@ENDMSG 2221 @!@!@
@!@!@STARTMSG 2221:0 @!@!@
  |line 233, col 46 to line 233, col 75 of module CarLights: 6755
@!@!@ENDMSG 2221 @!@!@
@!@!@STARTMSG 2221:0 @!@!@
  line 234, col 27 to line 234, col 139 of module CarLights: 13510
@!@!@ENDMSG 2221 @!@!@
@!@!@STARTMSG 2772:0 @!@!@
<ChangeKey line 236, col 1 to line 236, col 9 of module CarLights>: 2880:9204
@!@!@ENDMSG 2772 @!@!@
@!@!@STARTMSG 2221:0 @!@!@
  line 236, col 17 to line 236, col 22 of module CarLights: 6755
@!@!@ENDMSG 2221 @!@!@
@!@!@STARTMSG 2221:0 @!@!@
  line 237, col 17 to line 237, col 62 of module CarLights: 5359
@!@!@ENDMSG 2221 @!@!@
@!@!@STARTMSG 2221:0 @!@!@
  |line 237, col 17 to line 237, col 38 of module CarLights: 6755
@!@!@ENDMSG 2221 @!@!@
@!@!@STARTMSG 2221:0 @!@!@
  |line 237, col 43 to line 237, col 62 of module CarLights: 1396
@!@!@ENDMSG 2221 @!@!@
@!@!@STARTMSG 2221:0 @!@!@
  line 238, col 17 to line 238, col 97 of module CarLights: 4306
@!@!@ENDMSG 2221 @!@!@
@!@!@STARTMSG 2221:0 @!@!@
  |line 238, col 17 to line 238, col 35 of module CarLights: 6755
@!@!@ENDMSG 2221 @!@!@
@!@!@STARTMSG 2221:0 @!@!@
  |line 238, col 40 to line 238, col 97 of module CarLights: 2449
@!@!@ENDMSG 2221 @!@!@
@!@!@STARTMSG 2221:0 @!@!@
  line 239, col 17 to line 239, col 71 of module CarLights: 6294
@!@!@ENDMSG 2221 @!@!@
@!@!@STARTMSG 2221:0 @!@!@
  |line 239, col 17 to line 239, col 47 of module CarLights: 9204
@!@!@ENDMSG 2221 @!@!@
@!@!@STARTMSG 2221:0 @!@!@
  |line 239, col 52 to line 239, col 71 of module CarLights: 2910
@!@!@ENDMSG 2221 @!@!@
@!@!@STARTMSG 2221:0 @!@!@
  line 240, col 17 to line 240, col 139 of module CarLights: 9204
@!@!@ENDMSG 2221 @!@!@
@!@!@STARTMSG 2772:0 @!@!@
<ChangeBrake line 242, col 1 to line 242, col 11 of module CarLights>: 5671:13506
@!@!@ENDMSG 2772 @!@!@
@!@!@STARTMSG 2221:0 @!@!@
  line 242, col 19 to line 242, col 24 of module CarLights: 6753
@!@!@ENDMSG 2221 @!@!@
@!@!@STARTMSG 2221:0 @!@!@
  line 243, col 19 to line 243, col 43 of module CarLights: 13506
@!@!@ENDMSG 2221 @!@!@
@!@!@STARTMSG 2221:0 @!@!@
  |line 243, col 30 to line 243, col 43 of module CarLights: 6753
@!@!@ENDMSG 2221 @!@!@
@!@!@STARTMSG 2221:0 @!@!@
  line 244, col 19 to line 244, col 138 of module CarLights: 13506
@!@!@ENDMSG 2221 @!@!@
@!@!@STARTMSG 2774:0 @!@!@
<TypeInvariant line 42, col 1 to line 42, col 13 of module CarLights>
@!@!@ENDMSG 2774 @!@!@
@!@!@STARTMSG 2221:0 @!@!@
  line 42, col 18 to line 52, col 39 of module CarLights: 15006
@!@!@ENDMSG 2221 @!@!@
@!@!@STARTMSG 2202:0 @!@!@
End of statistics.
@!@!@ENDMSG 2202 @!@!@
@!@!@STARTMSG 2200:0 @!@!@
Progress(11) at 2020-01-15 00:03:53: 85,943 states generated (984,080 s/min), 15,006 distinct states found (171,824 ds/min), 6,201 states left on queue.
@!@!@ENDMSG 2200 @!@!@
@!@!@STARTMSG 2199:0 @!@!@
85943 states generated, 15006 distinct states found, 6201 states left on queue.
@!@!@ENDMSG 2199 @!@!@
@!@!@STARTMSG 2186:0 @!@!@
Finished in 5244ms at (2020-01-15 00:03:53)
@!@!@ENDMSG 2186 @!@!@
