@!@!@STARTMSG 2262:0 @!@!@
TLC2 Version 2.14 of 10 July 2019
@!@!@ENDMSG 2262 @!@!@
@!@!@STARTMSG 2187:0 @!@!@
Running breadth-first search Model-Checking with fp 97 and seed 2649875745273086959 with 4 workers on 8 cores with 581MB heap and 1306MB offheap memory [pid: 3179] (Linux 4.19.88-1-MANJARO amd64, AdoptOpenJDK 11.0.3 x86_64, OffHeapDiskFPSet, DiskStateQueue).
@!@!@ENDMSG 2187 @!@!@
@!@!@STARTMSG 2220:0 @!@!@
Starting SANY...
@!@!@ENDMSG 2220 @!@!@
Parsing file /home/herulume/dev/EM/tla/CarLights.toolbox/Model_1/MC.tla
Parsing file /home/herulume/dev/EM/tla/CarLights.toolbox/Model_1/CarLights.tla
Parsing file /home/herulume/Downloads/toolbox/plugins/org.lamport.tlatools_1.0.0.201907102009/tla2sany/StandardModules/TLC.tla
Parsing file /home/herulume/Downloads/toolbox/plugins/org.lamport.tlatools_1.0.0.201907102009/tla2sany/StandardModules/FiniteSets.tla
Parsing file /home/herulume/Downloads/toolbox/plugins/org.lamport.tlatools_1.0.0.201907102009/tla2sany/StandardModules/Naturals.tla
Parsing file /home/herulume/Downloads/toolbox/plugins/org.lamport.tlatools_1.0.0.201907102009/tla2sany/StandardModules/Sequences.tla
Semantic processing of module Naturals
Semantic processing of module Sequences
Semantic processing of module FiniteSets
Semantic processing of module CarLights
Semantic processing of module TLC
Semantic processing of module MC
@!@!@STARTMSG 2219:0 @!@!@
SANY finished.
@!@!@ENDMSG 2219 @!@!@
@!@!@STARTMSG 2185:0 @!@!@
Starting... (2020-01-14 00:41:43)
@!@!@ENDMSG 2185 @!@!@
@!@!@STARTMSG 2189:0 @!@!@
Computing initial states...
@!@!@ENDMSG 2189 @!@!@
@!@!@STARTMSG 2102:1 @!@!@
Attempted to check if 
{(p1 :> FALSE @@ p2 :> FALSE @@ p3 :> FALSE)}
which is not a TLC function value, is in the set of functions:
{ (p1 :> Blinking @@ p2 :> Blinking @@ p3 :> Blinking),
  (p1 :> Blinking @@ p2 :> Blinking @@ p3 :> FALSE),
  (p1 :> Blinking @@ p2 :> Blinking @@ p3 :> TRUE),
  (p1 :> Blinking @@ p2 :> FALSE @@ p3 :> Blinking),
  (p1 :> Blinking @@ p2 :> FALSE @@ p3 :> FALSE),
  (p1 :> Blinking @@ p2 :> FALSE @@ p3 :> TRUE),
  (p1 :> Blinking @@ p2 :> TRUE @@ p3 :> Blinking),
  (p1 :> Blinking @@ p2 :> TRUE @@ p3 :> FALSE),
  (p1 :> Blinking @@ p2 :> TRUE @@ p3 :> TRUE),
  (p1 :> FALSE @@ p2 :> Blinking @@ p3 :> Blinking),
  (p1 :> FALSE @@ p2 :> Blinking @@ p3 :> FALSE),
  (p1 :> FALSE @@ p2 :> Blinking @@ p3 :> TRUE),
  (p1 :> FALSE @@ p2 :> FALSE @@ p3 :> Blinking),
  (p1 :> FALSE @@ p2 :> FALSE @@ p3 :> FALSE),
  (p1 :> FALSE @@ p2 :> FALSE @@ p3 :> TRUE),
  (p1 :> FALSE @@ p2 :> TRUE @@ p3 :> Blinking),
  (p1 :> FALSE @@ p2 :> TRUE @@ p3 :> FALSE),
  (p1 :> FALSE @@ p2 :> TRUE @@ p3 :> TRUE),
  (p1 :> TRUE @@ p2 :> Blinking @@ p3 :> Blinking),
  (p1 :> TRUE @@ p2 :> Blinking @@ p3 :> FALSE),
  (p1 :> TRUE @@ p2 :> Blinking @@ p3 :> TRUE),
  (p1 :> TRUE @@ p2 :> FALSE @@ p3 :> Blinking),
  (p1 :> TRUE @@ p2 :> FALSE @@ p3 :> FALSE),
  (p1 :> TRUE @@ p2 :> FALSE @@ p3 :> TRUE),
  (p1 :> TRUE @@ p2 :> TRUE @@ p3 :> Blinking),
  (p1 :> TRUE @@ p2 :> TRUE @@ p3 :> FALSE),
  (p1 :> TRUE @@ p2 :> TRUE @@ p3 :> TRUE) }
While working on the initial state:
/\ lightRotarySwitch = Auto
/\ steeringWheel = Neutral
/\ key = "NoKey"
/\ ambientLight = FALSE
/\ pitmanArm = "P_Neutral"
/\ gear = "G_Forward"
/\ driver = FALSE
/\ lights = {(p1 :> FALSE @@ p2 :> FALSE @@ p3 :> FALSE)}

@!@!@ENDMSG 2102 @!@!@
@!@!@STARTMSG 2269:0 @!@!@
Computed 2 initial states...
@!@!@ENDMSG 2269 @!@!@
@!@!@STARTMSG 2269:0 @!@!@
Computed 4 initial states...
@!@!@ENDMSG 2269 @!@!@
@!@!@STARTMSG 2269:0 @!@!@
Computed 8 initial states...
@!@!@ENDMSG 2269 @!@!@
@!@!@STARTMSG 2269:0 @!@!@
Computed 16 initial states...
@!@!@ENDMSG 2269 @!@!@
@!@!@STARTMSG 2269:0 @!@!@
Computed 32 initial states...
@!@!@ENDMSG 2269 @!@!@
@!@!@STARTMSG 2269:0 @!@!@
Computed 64 initial states...
@!@!@ENDMSG 2269 @!@!@
@!@!@STARTMSG 2269:0 @!@!@
Computed 128 initial states...
@!@!@ENDMSG 2269 @!@!@
@!@!@STARTMSG 2269:0 @!@!@
Computed 256 initial states...
@!@!@ENDMSG 2269 @!@!@
@!@!@STARTMSG 2269:0 @!@!@
Computed 512 initial states...
@!@!@ENDMSG 2269 @!@!@
@!@!@STARTMSG 2269:0 @!@!@
Computed 1024 initial states...
@!@!@ENDMSG 2269 @!@!@
@!@!@STARTMSG 2269:0 @!@!@
Computed 2048 initial states...
@!@!@ENDMSG 2269 @!@!@
@!@!@STARTMSG 2147:1 @!@!@
TLC was unable to fingerprint.

Fingerprint Stack Trace:
0) line 28, col 32 to line 28, col 52 of module CarLights

Reason:
Attempted to check if 
{(p1 :> FALSE @@ p2 :> FALSE @@ p3 :> FALSE)}
which is not a TLC function value, is in the set of functions:
{ (p1 :> Blinking @@ p2 :> Blinking @@ p3 :> Blinking),
  (p1 :> Blinking @@ p2 :> Blinking @@ p3 :> FALSE),
  (p1 :> Blinking @@ p2 :> Blinking @@ p3 :> TRUE),
  (p1 :> Blinking @@ p2 :> FALSE @@ p3 :> Blinking),
  (p1 :> Blinking @@ p2 :> FALSE @@ p3 :> FALSE),
  (p1 :> Blinking @@ p2 :> FALSE @@ p3 :> TRUE),
  (p1 :> Blinking @@ p2 :> TRUE @@ p3 :> Blinking),
  (p1 :> Blinking @@ p2 :> TRUE @@ p3 :> FALSE),
  (p1 :> Blinking @@ p2 :> TRUE @@ p3 :> TRUE),
  (p1 :> FALSE @@ p2 :> Blinking @@ p3 :> Blinking),
  (p1 :> FALSE @@ p2 :> Blinking @@ p3 :> FALSE),
  (p1 :> FALSE @@ p2 :> Blinking @@ p3 :> TRUE),
  (p1 :> FALSE @@ p2 :> FALSE @@ p3 :> Blinking),
  (p1 :> FALSE @@ p2 :> FALSE @@ p3 :> FALSE),
  (p1 :> FALSE @@ p2 :> FALSE @@ p3 :> TRUE),
  (p1 :> FALSE @@ p2 :> TRUE @@ p3 :> Blinking),
  (p1 :> FALSE @@ p2 :> TRUE @@ p3 :> FALSE),
  (p1 :> FALSE @@ p2 :> TRUE @@ p3 :> TRUE),
  (p1 :> TRUE @@ p2 :> Blinking @@ p3 :> Blinking),
  (p1 :> TRUE @@ p2 :> Blinking @@ p3 :> FALSE),
  (p1 :> TRUE @@ p2 :> Blinking @@ p3 :> TRUE),
  (p1 :> TRUE @@ p2 :> FALSE @@ p3 :> Blinking),
  (p1 :> TRUE @@ p2 :> FALSE @@ p3 :> FALSE),
  (p1 :> TRUE @@ p2 :> FALSE @@ p3 :> TRUE),
  (p1 :> TRUE @@ p2 :> TRUE @@ p3 :> Blinking),
  (p1 :> TRUE @@ p2 :> TRUE @@ p3 :> FALSE),
  (p1 :> TRUE @@ p2 :> TRUE @@ p3 :> TRUE) }
@!@!@ENDMSG 2147 @!@!@
@!@!@STARTMSG 2201:0 @!@!@
The coverage statistics at 2020-01-14 00:41:43
@!@!@ENDMSG 2201 @!@!@
@!@!@STARTMSG 2773:0 @!@!@
<Init line 35, col 1 to line 35, col 4 of module CarLights>: 2269:2269
@!@!@ENDMSG 2773 @!@!@
@!@!@STARTMSG 2221:0 @!@!@
  line 35, col 12 to line 35, col 35 of module CarLights: 2
@!@!@ENDMSG 2221 @!@!@
@!@!@STARTMSG 2221:0 @!@!@
  line 36, col 12 to line 36, col 29 of module CarLights: 3
@!@!@ENDMSG 2221 @!@!@
@!@!@STARTMSG 2221:0 @!@!@
  line 37, col 12 to line 37, col 39 of module CarLights: 5
@!@!@ENDMSG 2221 @!@!@
@!@!@STARTMSG 2221:0 @!@!@
  line 38, col 12 to line 38, col 24 of module CarLights: 5
@!@!@ENDMSG 2221 @!@!@
@!@!@STARTMSG 2221:0 @!@!@
  line 39, col 12 to line 39, col 34 of module CarLights: 13
@!@!@ENDMSG 2221 @!@!@
@!@!@STARTMSG 2221:0 @!@!@
  line 40, col 12 to line 40, col 22 of module CarLights: 85
@!@!@ENDMSG 2221 @!@!@
@!@!@STARTMSG 2221:0 @!@!@
  line 41, col 12 to line 41, col 50 of module CarLights: 253
@!@!@ENDMSG 2221 @!@!@
@!@!@STARTMSG 2221:0 @!@!@
  line 42, col 12 to line 42, col 42 of module CarLights: 2269
@!@!@ENDMSG 2221 @!@!@
@!@!@STARTMSG 2221:0 @!@!@
  |line 42, col 30 to line 42, col 42 of module CarLights: 757
@!@!@ENDMSG 2221 @!@!@
@!@!@STARTMSG 2772:0 @!@!@
<Next line 50, col 1 to line 50, col 4 of module CarLights>: 0:0
@!@!@ENDMSG 2772 @!@!@
@!@!@STARTMSG 2221:0 @!@!@
  line 50, col 9 to line 50, col 20 of module CarLights: 0
@!@!@ENDMSG 2221 @!@!@
@!@!@STARTMSG 2221:0 @!@!@
  line 50, col 25 to line 50, col 119 of module CarLights: 0
@!@!@ENDMSG 2221 @!@!@
@!@!@STARTMSG 2774:0 @!@!@
<TypeInvariant line 26, col 1 to line 26, col 13 of module CarLights>
@!@!@ENDMSG 2774 @!@!@
@!@!@STARTMSG 2221:0 @!@!@
  line 26, col 18 to line 33, col 51 of module CarLights: 2
@!@!@ENDMSG 2221 @!@!@
@!@!@STARTMSG 2202:0 @!@!@
End of statistics.
@!@!@ENDMSG 2202 @!@!@
@!@!@STARTMSG 2200:0 @!@!@
Progress(1) at 2020-01-14 00:41:43: 2,268 states generated (94,500 s/min), 1 distinct states found (41 ds/min), 1 states left on queue.
@!@!@ENDMSG 2200 @!@!@
@!@!@STARTMSG 2199:0 @!@!@
2268 states generated, 1 distinct states found, 1 states left on queue.
@!@!@ENDMSG 2199 @!@!@
@!@!@STARTMSG 2186:0 @!@!@
Finished in 1445ms at (2020-01-14 00:41:43)
@!@!@ENDMSG 2186 @!@!@
